Elapsed time: 0:00:00 Reading input files for 168 samples
Elapsed time: 0:00:00 Fill zeros in unplaced counts
Elapsed time: 0:00:00 Writing unplaced counts for all samples to ../samples/gp_global/outliers_gp_globalunplaced.tsv
Elapsed time: 0:00:00 Reading genotypes
Sample: BEL-1012-1.bam Loci: 89053
Sample: BEL-1018-1.bam Loci: 89047
Sample: BEL-1025-1.bam Loci: 89073
Sample: BEL-1036-1.bam Loci: 89055
Sample: BEL-1060-1.bam Loci: 89054
Sample: BEL-2002-1.bam Loci: 89060
Sample: BEL-256-1.bam Loci: 89048
Sample: BEL-260-1.bam Loci: 89047
Sample: BEL-331-1.bam Loci: 89072
Sample: BEL-336-1.bam Loci: 89058
Sample: BEL-366-1.bam Loci: 89068
Sample: BEL-808-1.bam Loci: 89052
Sample: BEL-823-1.bam Loci: 89060
Sample: BEL-923-1.bam Loci: 89048
Sample: BEL-933-1.bam Loci: 89043
Sample: BEL-948-1.bam Loci: 89063
Sample: BEL-965-1.bam Loci: 89081
Sample: BEL-982-1.bam Loci: 89068
Sample: BEL-999-1.bam Loci: 89033
Sample: GIG-MT-100-1.bam Loci: 89066
Sample: GIG-MT-11-1.bam Loci: 89043
Sample: GIG-MT-128-1.bam Loci: 89047
Sample: GIG-MT-148-1.bam Loci: 89064
Sample: GIG-MT-159-1.bam Loci: 89049
Sample: GIG-MT-161-1.bam Loci: 89039
Sample: GIG-MT-163-1.bam Loci: 89051
Sample: GIG-MT-164-1.bam Loci: 89058
Sample: GIG-MT-171-1.bam Loci: 89061
Sample: GIG-MT-17-1.bam Loci: 89053
Sample: GIG-MT-176-1.bam Loci: 89053
Sample: GIG-MT-185-1.bam Loci: 89045
Sample: GIG-MT-194-1.bam Loci: 89063
Sample: GIG-MT-216-1.bam Loci: 89065
Sample: GIG-MT-218-1.bam Loci: 89059
Sample: GIG-MT-26-1.bam Loci: 89046
Sample: GIG-MT-27-1.bam Loci: 89059
Sample: GIG-MT-4-1.bam Loci: 89046
Sample: GIG-MT-5-1.bam Loci: 89045
Sample: GIG-MT-72-1.bam Loci: 89055
Sample: GIG-MT-85-1.bam Loci: 89073
Sample: GIG-MT-92-1.bam Loci: 89056
Sample: GIG-RJ-162-1.bam Loci: 89050
Sample: GIG-RJ-3628-1.bam Loci: 89074
Sample: GIG-RJ-3843-1.bam Loci: 89059
Sample: GIG-RJ-4242-1.bam Loci: 89075
Sample: GIG-RS-15-1.bam Loci: 89059
Sample: GIG-RS-5-1.bam Loci: 89049
Sample: GIG-RS-9-1.bam Loci: 89062
Sample: PNZ-112-1.bam Loci: 89041
Sample: PNZ-133-1.bam Loci: 89039
Sample: PNZ-151-1.bam Loci: 89048
Sample: PNZ-162-1.bam Loci: 89036
Sample: PNZ-179-1.bam Loci: 89058
Sample: PNZ-198-1.bam Loci: 89060
Sample: PNZ-207-1.bam Loci: 89056
Sample: PNZ-233-1.bam Loci: 89067
Sample: PNZ-237-1.bam Loci: 89062
Sample: PNZ-238-1.bam Loci: 89065
Sample: PNZ-249-1.bam Loci: 89055
Sample: PNZ-294-1.bam Loci: 89042
Sample: PNZ-311-1.bam Loci: 89056
Sample: PNZ-335-1.bam Loci: 89038
Sample: PNZ-342-1.bam Loci: 89062
Sample: PNZ-343-1.bam Loci: 89041
Sample: PNZ-344-1.bam Loci: 89058
Sample: PNZ-345-1.bam Loci: 89074
Sample: PNZ-372-1.bam Loci: 89061
Sample: PNZ-394-1.bam Loci: 89059
Sample: PNZ-396-1.bam Loci: 89079
Sample: PNZ-398-1.bam Loci: 89059
Sample: PNZ-423-1.bam Loci: 89065
Sample: PNZ-424-1.bam Loci: 89064
Sample: PNZ-433-1.bam Loci: 89067
Sample: PNZ-491-1.bam Loci: 89066
Sample: PNZ-502-1.bam Loci: 89066
Sample: PNZ-506-1.bam Loci: 89069
Sample: PNZ-510-1.bam Loci: 89058
Sample: PNZ-538-1.bam Loci: 89060
Sample: PNZ-550-1.bam Loci: 89053
Sample: PNZ-557-1.bam Loci: 89062
Sample: PNZ-573-1.bam Loci: 89061
Sample: PNZ-592-1.bam Loci: 89064
Sample: PNZ-608-1.bam Loci: 89052
Sample: PNZ-630-1.bam Loci: 89049
Sample: PNZ-632-1.bam Loci: 89066
Sample: PNZ-633-1.bam Loci: 89065
Sample: PNZ-635-1.bam Loci: 89048
Sample: PNZ-644-1.bam Loci: 89068
Sample: PNZ-647-1.bam Loci: 89063
Sample: PNZ-660-1.bam Loci: 89046
Sample: PNZ-701-1.bam Loci: 89060
Sample: PNZ-707-1.bam Loci: 89058
Sample: PNZ-708-1.bam Loci: 89057
Sample: PNZ-756-1.bam Loci: 89055
Sample: PNZ-791-1.bam Loci: 89047
Sample: REC-100-1.bam Loci: 89063
Sample: REC-101-1.bam Loci: 89052
Sample: REC-102-1.bam Loci: 89060
Sample: REC-103-1.bam Loci: 89065
Sample: REC-104-1.bam Loci: 89044
Sample: REC-105-1.bam Loci: 89060
Sample: REC-106-1.bam Loci: 89078
Sample: REC-107-1.bam Loci: 89058
Sample: REC-108-1.bam Loci: 89070
Sample: REC-109-1.bam Loci: 89069
Sample: REC-110-1.bam Loci: 89054
Sample: REC-111-1.bam Loci: 89062
Sample: REC-112-1.bam Loci: 89056
Sample: REC-113-1.bam Loci: 89060
Sample: REC-114-1.bam Loci: 89065
Sample: REC-115-1.bam Loci: 89062
Sample: REC-13-1.bam Loci: 89044
Sample: REC-16-1.bam Loci: 89063
Sample: REC-18-1.bam Loci: 89053
Sample: REC-27-1.bam Loci: 89069
Sample: REC-30-1.bam Loci: 89057
Sample: REC-32-1.bam Loci: 89044
Sample: REC-40-1.bam Loci: 89044
Sample: REC-44-1.bam Loci: 89057
Sample: REC-51-1.bam Loci: 89055
Sample: REC-53-1.bam Loci: 89060
Sample: REC-54-1.bam Loci: 89026
Sample: REC-6-1.bam Loci: 89047
Sample: REC-63-1.bam Loci: 89065
Sample: REC-65-1.bam Loci: 89060
Sample: REC-68-1.bam Loci: 89062
Sample: REC-7-1.bam Loci: 89044
Sample: REC-73-1.bam Loci: 89047
Sample: REC-75-1.bam Loci: 89043
Sample: REC-76-1.bam Loci: 89033
Sample: REC-77-1.bam Loci: 89067
Sample: REC-78-1.bam Loci: 89055
Sample: REC-8-1.bam Loci: 89053
Sample: REC-83-1.bam Loci: 89061
Sample: REC-84-1.bam Loci: 89042
Sample: REC-85-1.bam Loci: 89058
Sample: REC-86-1.bam Loci: 89039
Sample: REC-88-1.bam Loci: 89054
Sample: REC-89-1.bam Loci: 89040
Sample: REC-90-1.bam Loci: 89059
Sample: REC-91-1.bam Loci: 89067
Sample: REC-92-1.bam Loci: 89065
Sample: REC-93-1.bam Loci: 89051
Sample: REC-94-1.bam Loci: 89061
Sample: REC-95-1.bam Loci: 89052
Sample: REC-96-1.bam Loci: 89058
Sample: REC-97-1.bam Loci: 89044
Sample: REC-98-1.bam Loci: 89056
Sample: REC-99-1.bam Loci: 89044
Sample: SSA-2001-1.bam Loci: 89043
Sample: SSA-2017-1.bam Loci: 89061
Sample: SSA-2029-1.bam Loci: 89055
Sample: SSA-2030-1.bam Loci: 89058
Sample: SSA-2031-1.bam Loci: 89062
Sample: SSA-2033-1.bam Loci: 89062
Sample: SSA-2038-1.bam Loci: 89065
Sample: SSA-2044-1.bam Loci: 89058
Sample: SSA-2054-1.bam Loci: 89037
Sample: SSA-2056-1.bam Loci: 89045
Sample: SSA-2066-1.bam Loci: 89055
Sample: SSA-2074-1.bam Loci: 89055
Sample: SSA-2097-1.bam Loci: 89045
Sample: SSA-2120-1.bam Loci: 89054
Sample: SSA-2178-1.bam Loci: 89054
Sample: SSA-2208-1.bam Loci: 89064
Sample: SSA-2216-1.bam Loci: 89054
Sample: SSA-945-1.bam Loci: 89053
Sample: UFPE-6-1.bam Loci: 89072
Elapsed time: 0:02:25 Read 168 samples. Making locus column
Elapsed time: 0:02:43 Calculating median sample depths
Elapsed time: 0:02:45 Fill zeros
Elapsed time: 0:03:03 Add locus info back in and fill additional zeros
Elapsed time: 0:03:39 Fill median sample depths
Elapsed time: 0:03:43 Log normalize
Elapsed time: 0:03:43 Pivot data for z score calculations
Elapsed time: 0:03:59 Calculate mu and sd estimates
Elapsed time: 0:06:09 Clean up zeros in sd estimates
Elapsed time: 0:06:09 Export and/or import control files, if any
Elapsed time: 0:06:09 Calculating z scores
Elapsed time: 0:06:09 Calculating and adjusting p values:
Elapsed time: 0:06:09 Calculate p values
Elapsed time: 0:06:10 Adjust p values
Elapsed time: 0:06:16 Merge adjusted p values
Elapsed time: 0:06:38 Merge p values
Elapsed time: 0:07:00 Merge outlier z scores
Elapsed time: 0:07:30 Write output files
Elapsed time: 0:15:16 Finished!
