=== PBS MERGE TXT START Fri Dec 26 14:18:59 -03 2025 ===
Environment OK: bcftools 1.22
======================================
STR DATA CONSOLIDATION
======================================
Input directory: ../samples/gp_global
Found 168 genotype files
Output file: ../samples/gp_global/merged/str_consolidated.tsv
--------------------------------------
Creating consolidated TSV header...
[1/168] Processing BEL-1012-1... OK - 89053 variants
[2/168] Processing BEL-1018-1... OK - 89047 variants
[3/168] Processing BEL-1025-1... OK - 89073 variants
[4/168] Processing BEL-1036-1... OK - 89055 variants
[5/168] Processing BEL-1060-1... OK - 89054 variants
[6/168] Processing BEL-2002-1... OK - 89060 variants
[7/168] Processing BEL-256-1... OK - 89048 variants
[8/168] Processing BEL-260-1... OK - 89047 variants
[9/168] Processing BEL-331-1... OK - 89072 variants
[10/168] Processing BEL-336-1... OK - 89058 variants
[11/168] Processing BEL-366-1... OK - 89068 variants
[12/168] Processing BEL-808-1... OK - 89052 variants
[13/168] Processing BEL-823-1... OK - 89060 variants
[14/168] Processing BEL-923-1... OK - 89048 variants
[15/168] Processing BEL-933-1... OK - 89043 variants
[16/168] Processing BEL-948-1... OK - 89063 variants
[17/168] Processing BEL-965-1... OK - 89081 variants
[18/168] Processing BEL-982-1... OK - 89068 variants
[19/168] Processing BEL-999-1... OK - 89033 variants
[20/168] Processing GIG-MT-100-1... OK - 89066 variants
[21/168] Processing GIG-MT-11-1... OK - 89043 variants
[22/168] Processing GIG-MT-128-1... OK - 89047 variants
[23/168] Processing GIG-MT-148-1... OK - 89064 variants
[24/168] Processing GIG-MT-159-1... OK - 89049 variants
[25/168] Processing GIG-MT-161-1... OK - 89039 variants
[26/168] Processing GIG-MT-163-1... OK - 89051 variants
[27/168] Processing GIG-MT-164-1... OK - 89058 variants
[28/168] Processing GIG-MT-17-1... OK - 89053 variants
[29/168] Processing GIG-MT-171-1... OK - 89061 variants
[30/168] Processing GIG-MT-176-1... OK - 89053 variants
[31/168] Processing GIG-MT-185-1... OK - 89045 variants
[32/168] Processing GIG-MT-194-1... OK - 89063 variants
[33/168] Processing GIG-MT-216-1... OK - 89065 variants
[34/168] Processing GIG-MT-218-1... OK - 89059 variants
[35/168] Processing GIG-MT-26-1... OK - 89046 variants
[36/168] Processing GIG-MT-27-1... OK - 89059 variants
[37/168] Processing GIG-MT-4-1... OK - 89046 variants
[38/168] Processing GIG-MT-5-1... OK - 89045 variants
[39/168] Processing GIG-MT-72-1... OK - 89055 variants
[40/168] Processing GIG-MT-85-1... OK - 89073 variants
[41/168] Processing GIG-MT-92-1... OK - 89056 variants
[42/168] Processing GIG-RJ-162-1... OK - 89050 variants
[43/168] Processing GIG-RJ-3628-1... OK - 89074 variants
[44/168] Processing GIG-RJ-3843-1... OK - 89059 variants
[45/168] Processing GIG-RJ-4242-1... OK - 89075 variants
[46/168] Processing GIG-RS-15-1... OK - 89059 variants
[47/168] Processing GIG-RS-5-1... OK - 89049 variants
[48/168] Processing GIG-RS-9-1... OK - 89062 variants
[49/168] Processing PNZ-112-1... OK - 89041 variants
[50/168] Processing PNZ-133-1... OK - 89039 variants
[51/168] Processing PNZ-151-1... OK - 89048 variants
[52/168] Processing PNZ-162-1... OK - 89036 variants
[53/168] Processing PNZ-179-1... OK - 89058 variants
[54/168] Processing PNZ-198-1... OK - 89060 variants
[55/168] Processing PNZ-207-1... OK - 89056 variants
[56/168] Processing PNZ-233-1... OK - 89067 variants
[57/168] Processing PNZ-237-1... OK - 89062 variants
[58/168] Processing PNZ-238-1... OK - 89065 variants
[59/168] Processing PNZ-249-1... OK - 89055 variants
[60/168] Processing PNZ-294-1... OK - 89042 variants
[61/168] Processing PNZ-311-1... OK - 89056 variants
[62/168] Processing PNZ-335-1... OK - 89038 variants
[63/168] Processing PNZ-342-1... OK - 89062 variants
[64/168] Processing PNZ-343-1... OK - 89041 variants
[65/168] Processing PNZ-344-1... OK - 89058 variants
[66/168] Processing PNZ-345-1... OK - 89074 variants
[67/168] Processing PNZ-372-1... OK - 89061 variants
[68/168] Processing PNZ-394-1... OK - 89059 variants
[69/168] Processing PNZ-396-1... OK - 89079 variants
[70/168] Processing PNZ-398-1... OK - 89059 variants
[71/168] Processing PNZ-423-1... OK - 89065 variants
[72/168] Processing PNZ-424-1... OK - 89064 variants
[73/168] Processing PNZ-433-1... OK - 89067 variants
[74/168] Processing PNZ-491-1... OK - 89066 variants
[75/168] Processing PNZ-502-1... OK - 89066 variants
[76/168] Processing PNZ-506-1... OK - 89069 variants
[77/168] Processing PNZ-510-1... OK - 89058 variants
[78/168] Processing PNZ-538-1... OK - 89060 variants
[79/168] Processing PNZ-550-1... OK - 89053 variants
[80/168] Processing PNZ-557-1... OK - 89062 variants
[81/168] Processing PNZ-573-1... OK - 89061 variants
[82/168] Processing PNZ-592-1... OK - 89064 variants
[83/168] Processing PNZ-608-1... OK - 89052 variants
[84/168] Processing PNZ-630-1... OK - 89049 variants
[85/168] Processing PNZ-632-1... OK - 89066 variants
[86/168] Processing PNZ-633-1... OK - 89065 variants
[87/168] Processing PNZ-635-1... OK - 89048 variants
[88/168] Processing PNZ-644-1... OK - 89068 variants
[89/168] Processing PNZ-647-1... OK - 89063 variants
[90/168] Processing PNZ-660-1... OK - 89046 variants
[91/168] Processing PNZ-701-1... OK - 89060 variants
[92/168] Processing PNZ-707-1... OK - 89058 variants
[93/168] Processing PNZ-708-1... OK - 89057 variants
[94/168] Processing PNZ-756-1... OK - 89055 variants
[95/168] Processing PNZ-791-1... OK - 89047 variants
[96/168] Processing REC-100-1... OK - 89063 variants
[97/168] Processing REC-101-1... OK - 89052 variants
[98/168] Processing REC-102-1... OK - 89060 variants
[99/168] Processing REC-103-1... OK - 89065 variants
[100/168] Processing REC-104-1... OK - 89044 variants
[101/168] Processing REC-105-1... OK - 89060 variants
[102/168] Processing REC-106-1... OK - 89078 variants
[103/168] Processing REC-107-1... OK - 89058 variants
[104/168] Processing REC-108-1... OK - 89070 variants
[105/168] Processing REC-109-1... OK - 89069 variants
[106/168] Processing REC-110-1... OK - 89054 variants
[107/168] Processing REC-111-1... OK - 89062 variants
[108/168] Processing REC-112-1... OK - 89056 variants
[109/168] Processing REC-113-1... OK - 89060 variants
[110/168] Processing REC-114-1... OK - 89065 variants
[111/168] Processing REC-115-1... OK - 89062 variants
[112/168] Processing REC-13-1... OK - 89044 variants
[113/168] Processing REC-16-1... OK - 89063 variants
[114/168] Processing REC-18-1... OK - 89053 variants
[115/168] Processing REC-27-1... OK - 89069 variants
[116/168] Processing REC-30-1... OK - 89057 variants
[117/168] Processing REC-32-1... OK - 89044 variants
[118/168] Processing REC-40-1... OK - 89044 variants
[119/168] Processing REC-44-1... OK - 89057 variants
[120/168] Processing REC-51-1... OK - 89055 variants
[121/168] Processing REC-53-1... OK - 89060 variants
[122/168] Processing REC-54-1... OK - 89026 variants
[123/168] Processing REC-6-1... OK - 89047 variants
[124/168] Processing REC-63-1... OK - 89065 variants
[125/168] Processing REC-65-1... OK - 89060 variants
[126/168] Processing REC-68-1... OK - 89062 variants
[127/168] Processing REC-7-1... OK - 89044 variants
[128/168] Processing REC-73-1... OK - 89047 variants
[129/168] Processing REC-75-1... OK - 89043 variants
[130/168] Processing REC-76-1... OK - 89033 variants
[131/168] Processing REC-77-1... OK - 89067 variants
[132/168] Processing REC-78-1... OK - 89055 variants
[133/168] Processing REC-8-1... OK - 89053 variants
[134/168] Processing REC-83-1... OK - 89061 variants
[135/168] Processing REC-84-1... OK - 89042 variants
[136/168] Processing REC-85-1... OK - 89058 variants
[137/168] Processing REC-86-1... OK - 89039 variants
[138/168] Processing REC-88-1... OK - 89054 variants
[139/168] Processing REC-89-1... OK - 89040 variants
[140/168] Processing REC-90-1... OK - 89059 variants
[141/168] Processing REC-91-1... OK - 89067 variants
[142/168] Processing REC-92-1... OK - 89065 variants
[143/168] Processing REC-93-1... OK - 89051 variants
[144/168] Processing REC-94-1... OK - 89061 variants
[145/168] Processing REC-95-1... OK - 89052 variants
[146/168] Processing REC-96-1... OK - 89058 variants
[147/168] Processing REC-97-1... OK - 89044 variants
[148/168] Processing REC-98-1... OK - 89056 variants
[149/168] Processing REC-99-1... OK - 89044 variants
[150/168] Processing SSA-2001-1... OK - 89043 variants
[151/168] Processing SSA-2017-1... OK - 89061 variants
[152/168] Processing SSA-2029-1... OK - 89055 variants
[153/168] Processing SSA-2030-1... OK - 89058 variants
[154/168] Processing SSA-2031-1... OK - 89062 variants
[155/168] Processing SSA-2033-1... OK - 89062 variants
[156/168] Processing SSA-2038-1... OK - 89065 variants
[157/168] Processing SSA-2044-1... OK - 89058 variants
[158/168] Processing SSA-2054-1... OK - 89037 variants
[159/168] Processing SSA-2056-1... OK - 89045 variants
[160/168] Processing SSA-2066-1... OK - 89055 variants
[161/168] Processing SSA-2074-1... OK - 89055 variants
[162/168] Processing SSA-2097-1... OK - 89045 variants
[163/168] Processing SSA-2120-1... OK - 89054 variants
[164/168] Processing SSA-2178-1... OK - 89054 variants
[165/168] Processing SSA-2208-1... OK - 89064 variants
[166/168] Processing SSA-2216-1... OK - 89054 variants
[167/168] Processing SSA-945-1... OK - 89053 variants
[168/168] Processing UFPE-6-1... OK - 89072 variants
======================================
CONSOLIDATION COMPLETE
======================================
OK - Output file: ../samples/gp_global/merged/str_consolidated.tsv
OK - Sample summary: ../samples/gp_global/merged/sample_summary.tsv

SUMMARY STATISTICS:
  Total samples processed: 168
  Total variants: 14961441
  Average variants per sample: 89056

FILE SIZE:
  Consolidated TSV: 1.1G (14961442 lines)
  Sample summary: 8.0K (169 lines)
