Diretório: /home/matheusbomfim/projects/strs_paper/data_split
Executando: -rwxrwxr-x 1 matheusbomfim matheusbomfim 2853 Dec 22  2025 group_split.sh
Total samples loaded: 168
  - Case: 32
  - Control: 136
File BEL-1002-1.bam-genotype.txt does not belong to any group
File BEL-1002-2.bam-genotype.txt does not belong to any group
'/home/matheusbomfim/projects/strling/STRling/cbgm_2025/cbgm_output/BEL-1012-1.bam-genotype.txt' -> '/home/matheusbomfim/projects/strs_paper/samples/control/BEL-1012-1.bam-genotype.txt'
'/home/matheusbomfim/projects/strling/STRling/cbgm_2025/cbgm_output/BEL-1012-1.bam-genotype.txt' -> '/home/matheusbomfim/projects/strs_paper/samples/gp_global/BEL-1012-1.bam-genotype.txt'
'/home/matheusbomfim/projects/strling/STRling/cbgm_2025/cbgm_output/BEL-1012-1.bam-unplaced.txt' -> '/home/matheusbomfim/projects/strs_paper/samples/gp_global/BEL-1012-1.bam-unplaced.txt'
'/home/matheusbomfim/projects/strling/STRling/cbgm_2025/cbgm_output/BEL-1018-1.bam-genotype.txt' -> '/home/matheusbomfim/projects/strs_paper/samples/control/BEL-1018-1.bam-genotype.txt'
'/home/matheusbomfim/projects/strling/STRling/cbgm_2025/cbgm_output/BEL-1018-1.bam-genotype.txt' -> '/home/matheusbomfim/projects/strs_paper/samples/gp_global/BEL-1018-1.bam-genotype.txt'
'/home/matheusbomfim/projects/strling/STRling/cbgm_2025/cbgm_output/BEL-1018-1.bam-unplaced.txt' -> '/home/matheusbomfim/projects/strs_paper/samples/gp_global/BEL-1018-1.bam-unplaced.txt'
'/home/matheusbomfim/projects/strling/STRling/cbgm_2025/cbgm_output/BEL-1025-1.bam-genotype.txt' -> '/home/matheusbomfim/projects/strs_paper/samples/control/BEL-1025-1.bam-genotype.txt'
'/home/matheusbomfim/projects/strling/STRling/cbgm_2025/cbgm_output/BEL-1025-1.bam-genotype.txt' -> '/home/matheusbomfim/projects/strs_paper/samples/gp_global/BEL-1025-1.bam-genotype.txt'
'/home/matheusbomfim/projects/strling/STRling/cbgm_2025/cbgm_output/BEL-1025-1.bam-unplaced.txt' -> '/home/matheusbomfim/projects/strs_paper/samples/gp_global/BEL-1025-1.bam-unplaced.txt'
'/home/matheusbomfim/projects/strling/STRling/cbgm_2025/cbgm_output/BEL-1036-1.bam-genotype.txt' -> '/home/matheusbomfim/projects/strs_paper/samples/control/BEL-1036-1.bam-genotype.txt'
'/home/matheusbomfim/projects/strling/STRling/cbgm_2025/cbgm_output/BEL-1036-1.bam-genotype.txt' -> '/home/matheusbomfim/projects/strs_paper/samples/gp_global/BEL-1036-1.bam-genotype.txt'
'/home/matheusbomfim/projects/strling/STRling/cbgm_2025/cbgm_output/BEL-1036-1.bam-unplaced.txt' -> '/home/matheusbomfim/projects/strs_paper/samples/gp_global/BEL-1036-1.bam-unplaced.txt'
File BEL-1038-1.bam-genotype.txt does not belong to any group
File BEL-1047-1.bam-genotype.txt does not belong to any group
'/home/matheusbomfim/projects/strling/STRling/cbgm_2025/cbgm_output/BEL-1060-1.bam-genotype.txt' -> '/home/matheusbomfim/projects/strs_paper/samples/control/BEL-1060-1.bam-genotype.txt'
'/home/matheusbomfim/projects/strling/STRling/cbgm_2025/cbgm_output/BEL-1060-1.bam-genotype.txt' -> '/home/matheusbomfim/projects/strs_paper/samples/gp_global/BEL-1060-1.bam-genotype.txt'
'/home/matheusbomfim/projects/strling/STRling/cbgm_2025/cbgm_output/BEL-1060-1.bam-unplaced.txt' -> '/home/matheusbomfim/projects/strs_paper/samples/gp_global/BEL-1060-1.bam-unplaced.txt'
File BEL-1062-1.bam-genotype.txt does not belong to any group
File BEL-1064-1.bam-genotype.txt does not belong to any group
File BEL-1070-1.bam-genotype.txt does not belong to any group
'/home/matheusbomfim/projects/strling/STRling/cbgm_2025/cbgm_output/BEL-2002-1.bam-genotype.txt' -> '/home/matheusbomfim/projects/strs_paper/samples/control/BEL-2002-1.bam-genotype.txt'
'/home/matheusbomfim/projects/strling/STRling/cbgm_2025/cbgm_output/BEL-2002-1.bam-genotype.txt' -> '/home/matheusbomfim/projects/strs_paper/samples/gp_global/BEL-2002-1.bam-genotype.txt'
'/home/matheusbomfim/projects/strling/STRling/cbgm_2025/cbgm_output/BEL-2002-1.bam-unplaced.txt' -> '/home/matheusbomfim/projects/strs_paper/samples/gp_global/BEL-2002-1.bam-unplaced.txt'
'/home/matheusbomfim/projects/strling/STRling/cbgm_2025/cbgm_output/BEL-256-1.bam-genotype.txt' -> '/home/matheusbomfim/projects/strs_paper/samples/control/BEL-256-1.bam-genotype.txt'
'/home/matheusbomfim/projects/strling/STRling/cbgm_2025/cbgm_output/BEL-256-1.bam-genotype.txt' -> '/home/matheusbomfim/projects/strs_paper/samples/gp_global/BEL-256-1.bam-genotype.txt'
'/home/matheusbomfim/projects/strling/STRling/cbgm_2025/cbgm_output/BEL-256-1.bam-unplaced.txt' -> '/home/matheusbomfim/projects/strs_paper/samples/gp_global/BEL-256-1.bam-unplaced.txt'
'/home/matheusbomfim/projects/strling/STRling/cbgm_2025/cbgm_output/BEL-260-1.bam-genotype.txt' -> '/home/matheusbomfim/projects/strs_paper/samples/control/BEL-260-1.bam-genotype.txt'
'/home/matheusbomfim/projects/strling/STRling/cbgm_2025/cbgm_output/BEL-260-1.bam-genotype.txt' -> '/home/matheusbomfim/projects/strs_paper/samples/gp_global/BEL-260-1.bam-genotype.txt'
'/home/matheusbomfim/projects/strling/STRling/cbgm_2025/cbgm_output/BEL-260-1.bam-unplaced.txt' -> '/home/matheusbomfim/projects/strs_paper/samples/gp_global/BEL-260-1.bam-unplaced.txt'
'/home/matheusbomfim/projects/strling/STRling/cbgm_2025/cbgm_output/BEL-331-1.bam-genotype.txt' -> '/home/matheusbomfim/projects/strs_paper/samples/control/BEL-331-1.bam-genotype.txt'
'/home/matheusbomfim/projects/strling/STRling/cbgm_2025/cbgm_output/BEL-331-1.bam-genotype.txt' -> '/home/matheusbomfim/projects/strs_paper/samples/gp_global/BEL-331-1.bam-genotype.txt'
'/home/matheusbomfim/projects/strling/STRling/cbgm_2025/cbgm_output/BEL-331-1.bam-unplaced.txt' -> '/home/matheusbomfim/projects/strs_paper/samples/gp_global/BEL-331-1.bam-unplaced.txt'
'/home/matheusbomfim/projects/strling/STRling/cbgm_2025/cbgm_output/BEL-336-1.bam-genotype.txt' -> '/home/matheusbomfim/projects/strs_paper/samples/case/BEL-336-1.bam-genotype.txt'
'/home/matheusbomfim/projects/strling/STRling/cbgm_2025/cbgm_output/BEL-336-1.bam-genotype.txt' -> '/home/matheusbomfim/projects/strs_paper/samples/gp_global/BEL-336-1.bam-genotype.txt'
'/home/matheusbomfim/projects/strling/STRling/cbgm_2025/cbgm_output/BEL-336-1.bam-unplaced.txt' -> '/home/matheusbomfim/projects/strs_paper/samples/gp_global/BEL-336-1.bam-unplaced.txt'
'/home/matheusbomfim/projects/strling/STRling/cbgm_2025/cbgm_output/BEL-366-1.bam-genotype.txt' -> '/home/matheusbomfim/projects/strs_paper/samples/control/BEL-366-1.bam-genotype.txt'
'/home/matheusbomfim/projects/strling/STRling/cbgm_2025/cbgm_output/BEL-366-1.bam-genotype.txt' -> '/home/matheusbomfim/projects/strs_paper/samples/gp_global/BEL-366-1.bam-genotype.txt'
'/home/matheusbomfim/projects/strling/STRling/cbgm_2025/cbgm_output/BEL-366-1.bam-unplaced.txt' -> '/home/matheusbomfim/projects/strs_paper/samples/gp_global/BEL-366-1.bam-unplaced.txt'
'/home/matheusbomfim/projects/strling/STRling/cbgm_2025/cbgm_output/BEL-808-1.bam-genotype.txt' -> '/home/matheusbomfim/projects/strs_paper/samples/control/BEL-808-1.bam-genotype.txt'
'/home/matheusbomfim/projects/strling/STRling/cbgm_2025/cbgm_output/BEL-808-1.bam-genotype.txt' -> '/home/matheusbomfim/projects/strs_paper/samples/gp_global/BEL-808-1.bam-genotype.txt'
'/home/matheusbomfim/projects/strling/STRling/cbgm_2025/cbgm_output/BEL-808-1.bam-unplaced.txt' -> '/home/matheusbomfim/projects/strs_paper/samples/gp_global/BEL-808-1.bam-unplaced.txt'
'/home/matheusbomfim/projects/strling/STRling/cbgm_2025/cbgm_output/BEL-823-1.bam-genotype.txt' -> '/home/matheusbomfim/projects/strs_paper/samples/control/BEL-823-1.bam-genotype.txt'
'/home/matheusbomfim/projects/strling/STRling/cbgm_2025/cbgm_output/BEL-823-1.bam-genotype.txt' -> '/home/matheusbomfim/projects/strs_paper/samples/gp_global/BEL-823-1.bam-genotype.txt'
'/home/matheusbomfim/projects/strling/STRling/cbgm_2025/cbgm_output/BEL-823-1.bam-unplaced.txt' -> '/home/matheusbomfim/projects/strs_paper/samples/gp_global/BEL-823-1.bam-unplaced.txt'
'/home/matheusbomfim/projects/strling/STRling/cbgm_2025/cbgm_output/BEL-923-1.bam-genotype.txt' -> '/home/matheusbomfim/projects/strs_paper/samples/control/BEL-923-1.bam-genotype.txt'
'/home/matheusbomfim/projects/strling/STRling/cbgm_2025/cbgm_output/BEL-923-1.bam-genotype.txt' -> '/home/matheusbomfim/projects/strs_paper/samples/gp_global/BEL-923-1.bam-genotype.txt'
'/home/matheusbomfim/projects/strling/STRling/cbgm_2025/cbgm_output/BEL-923-1.bam-unplaced.txt' -> '/home/matheusbomfim/projects/strs_paper/samples/gp_global/BEL-923-1.bam-unplaced.txt'
'/home/matheusbomfim/projects/strling/STRling/cbgm_2025/cbgm_output/BEL-933-1.bam-genotype.txt' -> '/home/matheusbomfim/projects/strs_paper/samples/control/BEL-933-1.bam-genotype.txt'
'/home/matheusbomfim/projects/strling/STRling/cbgm_2025/cbgm_output/BEL-933-1.bam-genotype.txt' -> '/home/matheusbomfim/projects/strs_paper/samples/gp_global/BEL-933-1.bam-genotype.txt'
'/home/matheusbomfim/projects/strling/STRling/cbgm_2025/cbgm_output/BEL-933-1.bam-unplaced.txt' -> '/home/matheusbomfim/projects/strs_paper/samples/gp_global/BEL-933-1.bam-unplaced.txt'
'/home/matheusbomfim/projects/strling/STRling/cbgm_2025/cbgm_output/BEL-948-1.bam-genotype.txt' -> '/home/matheusbomfim/projects/strs_paper/samples/control/BEL-948-1.bam-genotype.txt'
'/home/matheusbomfim/projects/strling/STRling/cbgm_2025/cbgm_output/BEL-948-1.bam-genotype.txt' -> '/home/matheusbomfim/projects/strs_paper/samples/gp_global/BEL-948-1.bam-genotype.txt'
'/home/matheusbomfim/projects/strling/STRling/cbgm_2025/cbgm_output/BEL-948-1.bam-unplaced.txt' -> '/home/matheusbomfim/projects/strs_paper/samples/gp_global/BEL-948-1.bam-unplaced.txt'
'/home/matheusbomfim/projects/strling/STRling/cbgm_2025/cbgm_output/BEL-965-1.bam-genotype.txt' -> '/home/matheusbomfim/projects/strs_paper/samples/control/BEL-965-1.bam-genotype.txt'
'/home/matheusbomfim/projects/strling/STRling/cbgm_2025/cbgm_output/BEL-965-1.bam-genotype.txt' -> '/home/matheusbomfim/projects/strs_paper/samples/gp_global/BEL-965-1.bam-genotype.txt'
'/home/matheusbomfim/projects/strling/STRling/cbgm_2025/cbgm_output/BEL-965-1.bam-unplaced.txt' -> '/home/matheusbomfim/projects/strs_paper/samples/gp_global/BEL-965-1.bam-unplaced.txt'
File BEL-966-1.bam-genotype.txt does not belong to any group
File BEL-971-1.bam-genotype.txt does not belong to any group
File BEL-972-1.bam-genotype.txt does not belong to any group
File BEL-975-1.bam-genotype.txt does not belong to any group
'/home/matheusbomfim/projects/strling/STRling/cbgm_2025/cbgm_output/BEL-982-1.bam-genotype.txt' -> '/home/matheusbomfim/projects/strs_paper/samples/control/BEL-982-1.bam-genotype.txt'
'/home/matheusbomfim/projects/strling/STRling/cbgm_2025/cbgm_output/BEL-982-1.bam-genotype.txt' -> '/home/matheusbomfim/projects/strs_paper/samples/gp_global/BEL-982-1.bam-genotype.txt'
'/home/matheusbomfim/projects/strling/STRling/cbgm_2025/cbgm_output/BEL-982-1.bam-unplaced.txt' -> '/home/matheusbomfim/projects/strs_paper/samples/gp_global/BEL-982-1.bam-unplaced.txt'
File BEL-988-1.bam-genotype.txt does not belong to any group
'/home/matheusbomfim/projects/strling/STRling/cbgm_2025/cbgm_output/BEL-999-1.bam-genotype.txt' -> '/home/matheusbomfim/projects/strs_paper/samples/control/BEL-999-1.bam-genotype.txt'
'/home/matheusbomfim/projects/strling/STRling/cbgm_2025/cbgm_output/BEL-999-1.bam-genotype.txt' -> '/home/matheusbomfim/projects/strs_paper/samples/gp_global/BEL-999-1.bam-genotype.txt'
'/home/matheusbomfim/projects/strling/STRling/cbgm_2025/cbgm_output/BEL-999-1.bam-unplaced.txt' -> '/home/matheusbomfim/projects/strs_paper/samples/gp_global/BEL-999-1.bam-unplaced.txt'
File GIG-MG-33-1.bam-genotype.txt does not belong to any group
'/home/matheusbomfim/projects/strling/STRling/cbgm_2025/cbgm_output/GIG-MT-100-1.bam-genotype.txt' -> '/home/matheusbomfim/projects/strs_paper/samples/case/GIG-MT-100-1.bam-genotype.txt'
'/home/matheusbomfim/projects/strling/STRling/cbgm_2025/cbgm_output/GIG-MT-100-1.bam-genotype.txt' -> '/home/matheusbomfim/projects/strs_paper/samples/gp_global/GIG-MT-100-1.bam-genotype.txt'
'/home/matheusbomfim/projects/strling/STRling/cbgm_2025/cbgm_output/GIG-MT-100-1.bam-unplaced.txt' -> '/home/matheusbomfim/projects/strs_paper/samples/gp_global/GIG-MT-100-1.bam-unplaced.txt'
'/home/matheusbomfim/projects/strling/STRling/cbgm_2025/cbgm_output/GIG-MT-11-1.bam-genotype.txt' -> '/home/matheusbomfim/projects/strs_paper/samples/control/GIG-MT-11-1.bam-genotype.txt'
'/home/matheusbomfim/projects/strling/STRling/cbgm_2025/cbgm_output/GIG-MT-11-1.bam-genotype.txt' -> '/home/matheusbomfim/projects/strs_paper/samples/gp_global/GIG-MT-11-1.bam-genotype.txt'
'/home/matheusbomfim/projects/strling/STRling/cbgm_2025/cbgm_output/GIG-MT-11-1.bam-unplaced.txt' -> '/home/matheusbomfim/projects/strs_paper/samples/gp_global/GIG-MT-11-1.bam-unplaced.txt'
File GIG-MT-126-1.bam-genotype.txt does not belong to any group
'/home/matheusbomfim/projects/strling/STRling/cbgm_2025/cbgm_output/GIG-MT-128-1.bam-genotype.txt' -> '/home/matheusbomfim/projects/strs_paper/samples/control/GIG-MT-128-1.bam-genotype.txt'
'/home/matheusbomfim/projects/strling/STRling/cbgm_2025/cbgm_output/GIG-MT-128-1.bam-genotype.txt' -> '/home/matheusbomfim/projects/strs_paper/samples/gp_global/GIG-MT-128-1.bam-genotype.txt'
'/home/matheusbomfim/projects/strling/STRling/cbgm_2025/cbgm_output/GIG-MT-128-1.bam-unplaced.txt' -> '/home/matheusbomfim/projects/strs_paper/samples/gp_global/GIG-MT-128-1.bam-unplaced.txt'
File GIG-MT-142-1.bam-genotype.txt does not belong to any group
File GIG-MT-146-1.bam-genotype.txt does not belong to any group
'/home/matheusbomfim/projects/strling/STRling/cbgm_2025/cbgm_output/GIG-MT-148-1.bam-genotype.txt' -> '/home/matheusbomfim/projects/strs_paper/samples/control/GIG-MT-148-1.bam-genotype.txt'
'/home/matheusbomfim/projects/strling/STRling/cbgm_2025/cbgm_output/GIG-MT-148-1.bam-genotype.txt' -> '/home/matheusbomfim/projects/strs_paper/samples/gp_global/GIG-MT-148-1.bam-genotype.txt'
'/home/matheusbomfim/projects/strling/STRling/cbgm_2025/cbgm_output/GIG-MT-148-1.bam-unplaced.txt' -> '/home/matheusbomfim/projects/strs_paper/samples/gp_global/GIG-MT-148-1.bam-unplaced.txt'
'/home/matheusbomfim/projects/strling/STRling/cbgm_2025/cbgm_output/GIG-MT-159-1.bam-genotype.txt' -> '/home/matheusbomfim/projects/strs_paper/samples/case/GIG-MT-159-1.bam-genotype.txt'
'/home/matheusbomfim/projects/strling/STRling/cbgm_2025/cbgm_output/GIG-MT-159-1.bam-genotype.txt' -> '/home/matheusbomfim/projects/strs_paper/samples/gp_global/GIG-MT-159-1.bam-genotype.txt'
'/home/matheusbomfim/projects/strling/STRling/cbgm_2025/cbgm_output/GIG-MT-159-1.bam-unplaced.txt' -> '/home/matheusbomfim/projects/strs_paper/samples/gp_global/GIG-MT-159-1.bam-unplaced.txt'
'/home/matheusbomfim/projects/strling/STRling/cbgm_2025/cbgm_output/GIG-MT-161-1.bam-genotype.txt' -> '/home/matheusbomfim/projects/strs_paper/samples/case/GIG-MT-161-1.bam-genotype.txt'
'/home/matheusbomfim/projects/strling/STRling/cbgm_2025/cbgm_output/GIG-MT-161-1.bam-genotype.txt' -> '/home/matheusbomfim/projects/strs_paper/samples/gp_global/GIG-MT-161-1.bam-genotype.txt'
'/home/matheusbomfim/projects/strling/STRling/cbgm_2025/cbgm_output/GIG-MT-161-1.bam-unplaced.txt' -> '/home/matheusbomfim/projects/strs_paper/samples/gp_global/GIG-MT-161-1.bam-unplaced.txt'
'/home/matheusbomfim/projects/strling/STRling/cbgm_2025/cbgm_output/GIG-MT-163-1.bam-genotype.txt' -> '/home/matheusbomfim/projects/strs_paper/samples/control/GIG-MT-163-1.bam-genotype.txt'
'/home/matheusbomfim/projects/strling/STRling/cbgm_2025/cbgm_output/GIG-MT-163-1.bam-genotype.txt' -> '/home/matheusbomfim/projects/strs_paper/samples/gp_global/GIG-MT-163-1.bam-genotype.txt'
'/home/matheusbomfim/projects/strling/STRling/cbgm_2025/cbgm_output/GIG-MT-163-1.bam-unplaced.txt' -> '/home/matheusbomfim/projects/strs_paper/samples/gp_global/GIG-MT-163-1.bam-unplaced.txt'
'/home/matheusbomfim/projects/strling/STRling/cbgm_2025/cbgm_output/GIG-MT-164-1.bam-genotype.txt' -> '/home/matheusbomfim/projects/strs_paper/samples/case/GIG-MT-164-1.bam-genotype.txt'
'/home/matheusbomfim/projects/strling/STRling/cbgm_2025/cbgm_output/GIG-MT-164-1.bam-genotype.txt' -> '/home/matheusbomfim/projects/strs_paper/samples/gp_global/GIG-MT-164-1.bam-genotype.txt'
'/home/matheusbomfim/projects/strling/STRling/cbgm_2025/cbgm_output/GIG-MT-164-1.bam-unplaced.txt' -> '/home/matheusbomfim/projects/strs_paper/samples/gp_global/GIG-MT-164-1.bam-unplaced.txt'
'/home/matheusbomfim/projects/strling/STRling/cbgm_2025/cbgm_output/GIG-MT-17-1.bam-genotype.txt' -> '/home/matheusbomfim/projects/strs_paper/samples/control/GIG-MT-17-1.bam-genotype.txt'
'/home/matheusbomfim/projects/strling/STRling/cbgm_2025/cbgm_output/GIG-MT-17-1.bam-genotype.txt' -> '/home/matheusbomfim/projects/strs_paper/samples/gp_global/GIG-MT-17-1.bam-genotype.txt'
'/home/matheusbomfim/projects/strling/STRling/cbgm_2025/cbgm_output/GIG-MT-17-1.bam-unplaced.txt' -> '/home/matheusbomfim/projects/strs_paper/samples/gp_global/GIG-MT-17-1.bam-unplaced.txt'
'/home/matheusbomfim/projects/strling/STRling/cbgm_2025/cbgm_output/GIG-MT-171-1.bam-genotype.txt' -> '/home/matheusbomfim/projects/strs_paper/samples/case/GIG-MT-171-1.bam-genotype.txt'
'/home/matheusbomfim/projects/strling/STRling/cbgm_2025/cbgm_output/GIG-MT-171-1.bam-genotype.txt' -> '/home/matheusbomfim/projects/strs_paper/samples/gp_global/GIG-MT-171-1.bam-genotype.txt'
'/home/matheusbomfim/projects/strling/STRling/cbgm_2025/cbgm_output/GIG-MT-171-1.bam-unplaced.txt' -> '/home/matheusbomfim/projects/strs_paper/samples/gp_global/GIG-MT-171-1.bam-unplaced.txt'
'/home/matheusbomfim/projects/strling/STRling/cbgm_2025/cbgm_output/GIG-MT-176-1.bam-genotype.txt' -> '/home/matheusbomfim/projects/strs_paper/samples/control/GIG-MT-176-1.bam-genotype.txt'
'/home/matheusbomfim/projects/strling/STRling/cbgm_2025/cbgm_output/GIG-MT-176-1.bam-genotype.txt' -> '/home/matheusbomfim/projects/strs_paper/samples/gp_global/GIG-MT-176-1.bam-genotype.txt'
'/home/matheusbomfim/projects/strling/STRling/cbgm_2025/cbgm_output/GIG-MT-176-1.bam-unplaced.txt' -> '/home/matheusbomfim/projects/strs_paper/samples/gp_global/GIG-MT-176-1.bam-unplaced.txt'
'/home/matheusbomfim/projects/strling/STRling/cbgm_2025/cbgm_output/GIG-MT-185-1.bam-genotype.txt' -> '/home/matheusbomfim/projects/strs_paper/samples/case/GIG-MT-185-1.bam-genotype.txt'
'/home/matheusbomfim/projects/strling/STRling/cbgm_2025/cbgm_output/GIG-MT-185-1.bam-genotype.txt' -> '/home/matheusbomfim/projects/strs_paper/samples/gp_global/GIG-MT-185-1.bam-genotype.txt'
'/home/matheusbomfim/projects/strling/STRling/cbgm_2025/cbgm_output/GIG-MT-185-1.bam-unplaced.txt' -> '/home/matheusbomfim/projects/strs_paper/samples/gp_global/GIG-MT-185-1.bam-unplaced.txt'
'/home/matheusbomfim/projects/strling/STRling/cbgm_2025/cbgm_output/GIG-MT-194-1.bam-genotype.txt' -> '/home/matheusbomfim/projects/strs_paper/samples/case/GIG-MT-194-1.bam-genotype.txt'
'/home/matheusbomfim/projects/strling/STRling/cbgm_2025/cbgm_output/GIG-MT-194-1.bam-genotype.txt' -> '/home/matheusbomfim/projects/strs_paper/samples/gp_global/GIG-MT-194-1.bam-genotype.txt'
'/home/matheusbomfim/projects/strling/STRling/cbgm_2025/cbgm_output/GIG-MT-194-1.bam-unplaced.txt' -> '/home/matheusbomfim/projects/strs_paper/samples/gp_global/GIG-MT-194-1.bam-unplaced.txt'
File GIG-MT-204-1.bam-genotype.txt does not belong to any group
'/home/matheusbomfim/projects/strling/STRling/cbgm_2025/cbgm_output/GIG-MT-216-1.bam-genotype.txt' -> '/home/matheusbomfim/projects/strs_paper/samples/case/GIG-MT-216-1.bam-genotype.txt'
'/home/matheusbomfim/projects/strling/STRling/cbgm_2025/cbgm_output/GIG-MT-216-1.bam-genotype.txt' -> '/home/matheusbomfim/projects/strs_paper/samples/gp_global/GIG-MT-216-1.bam-genotype.txt'
'/home/matheusbomfim/projects/strling/STRling/cbgm_2025/cbgm_output/GIG-MT-216-1.bam-unplaced.txt' -> '/home/matheusbomfim/projects/strs_paper/samples/gp_global/GIG-MT-216-1.bam-unplaced.txt'
'/home/matheusbomfim/projects/strling/STRling/cbgm_2025/cbgm_output/GIG-MT-218-1.bam-genotype.txt' -> '/home/matheusbomfim/projects/strs_paper/samples/case/GIG-MT-218-1.bam-genotype.txt'
'/home/matheusbomfim/projects/strling/STRling/cbgm_2025/cbgm_output/GIG-MT-218-1.bam-genotype.txt' -> '/home/matheusbomfim/projects/strs_paper/samples/gp_global/GIG-MT-218-1.bam-genotype.txt'
'/home/matheusbomfim/projects/strling/STRling/cbgm_2025/cbgm_output/GIG-MT-218-1.bam-unplaced.txt' -> '/home/matheusbomfim/projects/strs_paper/samples/gp_global/GIG-MT-218-1.bam-unplaced.txt'
'/home/matheusbomfim/projects/strling/STRling/cbgm_2025/cbgm_output/GIG-MT-26-1.bam-genotype.txt' -> '/home/matheusbomfim/projects/strs_paper/samples/control/GIG-MT-26-1.bam-genotype.txt'
'/home/matheusbomfim/projects/strling/STRling/cbgm_2025/cbgm_output/GIG-MT-26-1.bam-genotype.txt' -> '/home/matheusbomfim/projects/strs_paper/samples/gp_global/GIG-MT-26-1.bam-genotype.txt'
'/home/matheusbomfim/projects/strling/STRling/cbgm_2025/cbgm_output/GIG-MT-26-1.bam-unplaced.txt' -> '/home/matheusbomfim/projects/strs_paper/samples/gp_global/GIG-MT-26-1.bam-unplaced.txt'
'/home/matheusbomfim/projects/strling/STRling/cbgm_2025/cbgm_output/GIG-MT-27-1.bam-genotype.txt' -> '/home/matheusbomfim/projects/strs_paper/samples/control/GIG-MT-27-1.bam-genotype.txt'
'/home/matheusbomfim/projects/strling/STRling/cbgm_2025/cbgm_output/GIG-MT-27-1.bam-genotype.txt' -> '/home/matheusbomfim/projects/strs_paper/samples/gp_global/GIG-MT-27-1.bam-genotype.txt'
'/home/matheusbomfim/projects/strling/STRling/cbgm_2025/cbgm_output/GIG-MT-27-1.bam-unplaced.txt' -> '/home/matheusbomfim/projects/strs_paper/samples/gp_global/GIG-MT-27-1.bam-unplaced.txt'
'/home/matheusbomfim/projects/strling/STRling/cbgm_2025/cbgm_output/GIG-MT-4-1.bam-genotype.txt' -> '/home/matheusbomfim/projects/strs_paper/samples/case/GIG-MT-4-1.bam-genotype.txt'
'/home/matheusbomfim/projects/strling/STRling/cbgm_2025/cbgm_output/GIG-MT-4-1.bam-genotype.txt' -> '/home/matheusbomfim/projects/strs_paper/samples/gp_global/GIG-MT-4-1.bam-genotype.txt'
'/home/matheusbomfim/projects/strling/STRling/cbgm_2025/cbgm_output/GIG-MT-4-1.bam-unplaced.txt' -> '/home/matheusbomfim/projects/strs_paper/samples/gp_global/GIG-MT-4-1.bam-unplaced.txt'
'/home/matheusbomfim/projects/strling/STRling/cbgm_2025/cbgm_output/GIG-MT-5-1.bam-genotype.txt' -> '/home/matheusbomfim/projects/strs_paper/samples/control/GIG-MT-5-1.bam-genotype.txt'
'/home/matheusbomfim/projects/strling/STRling/cbgm_2025/cbgm_output/GIG-MT-5-1.bam-genotype.txt' -> '/home/matheusbomfim/projects/strs_paper/samples/gp_global/GIG-MT-5-1.bam-genotype.txt'
'/home/matheusbomfim/projects/strling/STRling/cbgm_2025/cbgm_output/GIG-MT-5-1.bam-unplaced.txt' -> '/home/matheusbomfim/projects/strs_paper/samples/gp_global/GIG-MT-5-1.bam-unplaced.txt'
'/home/matheusbomfim/projects/strling/STRling/cbgm_2025/cbgm_output/GIG-MT-72-1.bam-genotype.txt' -> '/home/matheusbomfim/projects/strs_paper/samples/control/GIG-MT-72-1.bam-genotype.txt'
'/home/matheusbomfim/projects/strling/STRling/cbgm_2025/cbgm_output/GIG-MT-72-1.bam-genotype.txt' -> '/home/matheusbomfim/projects/strs_paper/samples/gp_global/GIG-MT-72-1.bam-genotype.txt'
'/home/matheusbomfim/projects/strling/STRling/cbgm_2025/cbgm_output/GIG-MT-72-1.bam-unplaced.txt' -> '/home/matheusbomfim/projects/strs_paper/samples/gp_global/GIG-MT-72-1.bam-unplaced.txt'
'/home/matheusbomfim/projects/strling/STRling/cbgm_2025/cbgm_output/GIG-MT-85-1.bam-genotype.txt' -> '/home/matheusbomfim/projects/strs_paper/samples/case/GIG-MT-85-1.bam-genotype.txt'
'/home/matheusbomfim/projects/strling/STRling/cbgm_2025/cbgm_output/GIG-MT-85-1.bam-genotype.txt' -> '/home/matheusbomfim/projects/strs_paper/samples/gp_global/GIG-MT-85-1.bam-genotype.txt'
'/home/matheusbomfim/projects/strling/STRling/cbgm_2025/cbgm_output/GIG-MT-85-1.bam-unplaced.txt' -> '/home/matheusbomfim/projects/strs_paper/samples/gp_global/GIG-MT-85-1.bam-unplaced.txt'
File GIG-MT-90-1.bam-genotype.txt does not belong to any group
'/home/matheusbomfim/projects/strling/STRling/cbgm_2025/cbgm_output/GIG-MT-92-1.bam-genotype.txt' -> '/home/matheusbomfim/projects/strs_paper/samples/case/GIG-MT-92-1.bam-genotype.txt'
'/home/matheusbomfim/projects/strling/STRling/cbgm_2025/cbgm_output/GIG-MT-92-1.bam-genotype.txt' -> '/home/matheusbomfim/projects/strs_paper/samples/gp_global/GIG-MT-92-1.bam-genotype.txt'
'/home/matheusbomfim/projects/strling/STRling/cbgm_2025/cbgm_output/GIG-MT-92-1.bam-unplaced.txt' -> '/home/matheusbomfim/projects/strs_paper/samples/gp_global/GIG-MT-92-1.bam-unplaced.txt'
File GIG-RJ-11743-1.bam-genotype.txt does not belong to any group
File GIG-RJ-12005-1.bam-genotype.txt does not belong to any group
File GIG-RJ-13383-1.bam-genotype.txt does not belong to any group
File GIG-RJ-14431-1.bam-genotype.txt does not belong to any group
File GIG-RJ-1581-1.bam-genotype.txt does not belong to any group
'/home/matheusbomfim/projects/strling/STRling/cbgm_2025/cbgm_output/GIG-RJ-162-1.bam-genotype.txt' -> '/home/matheusbomfim/projects/strs_paper/samples/control/GIG-RJ-162-1.bam-genotype.txt'
'/home/matheusbomfim/projects/strling/STRling/cbgm_2025/cbgm_output/GIG-RJ-162-1.bam-genotype.txt' -> '/home/matheusbomfim/projects/strs_paper/samples/gp_global/GIG-RJ-162-1.bam-genotype.txt'
'/home/matheusbomfim/projects/strling/STRling/cbgm_2025/cbgm_output/GIG-RJ-162-1.bam-unplaced.txt' -> '/home/matheusbomfim/projects/strs_paper/samples/gp_global/GIG-RJ-162-1.bam-unplaced.txt'
File GIG-RJ-2227-1.bam-genotype.txt does not belong to any group
'/home/matheusbomfim/projects/strling/STRling/cbgm_2025/cbgm_output/GIG-RJ-3628-1.bam-genotype.txt' -> '/home/matheusbomfim/projects/strs_paper/samples/control/GIG-RJ-3628-1.bam-genotype.txt'
'/home/matheusbomfim/projects/strling/STRling/cbgm_2025/cbgm_output/GIG-RJ-3628-1.bam-genotype.txt' -> '/home/matheusbomfim/projects/strs_paper/samples/gp_global/GIG-RJ-3628-1.bam-genotype.txt'
'/home/matheusbomfim/projects/strling/STRling/cbgm_2025/cbgm_output/GIG-RJ-3628-1.bam-unplaced.txt' -> '/home/matheusbomfim/projects/strs_paper/samples/gp_global/GIG-RJ-3628-1.bam-unplaced.txt'
'/home/matheusbomfim/projects/strling/STRling/cbgm_2025/cbgm_output/GIG-RJ-3843-1.bam-genotype.txt' -> '/home/matheusbomfim/projects/strs_paper/samples/control/GIG-RJ-3843-1.bam-genotype.txt'
'/home/matheusbomfim/projects/strling/STRling/cbgm_2025/cbgm_output/GIG-RJ-3843-1.bam-genotype.txt' -> '/home/matheusbomfim/projects/strs_paper/samples/gp_global/GIG-RJ-3843-1.bam-genotype.txt'
'/home/matheusbomfim/projects/strling/STRling/cbgm_2025/cbgm_output/GIG-RJ-3843-1.bam-unplaced.txt' -> '/home/matheusbomfim/projects/strs_paper/samples/gp_global/GIG-RJ-3843-1.bam-unplaced.txt'
'/home/matheusbomfim/projects/strling/STRling/cbgm_2025/cbgm_output/GIG-RJ-4242-1.bam-genotype.txt' -> '/home/matheusbomfim/projects/strs_paper/samples/control/GIG-RJ-4242-1.bam-genotype.txt'
'/home/matheusbomfim/projects/strling/STRling/cbgm_2025/cbgm_output/GIG-RJ-4242-1.bam-genotype.txt' -> '/home/matheusbomfim/projects/strs_paper/samples/gp_global/GIG-RJ-4242-1.bam-genotype.txt'
'/home/matheusbomfim/projects/strling/STRling/cbgm_2025/cbgm_output/GIG-RJ-4242-1.bam-unplaced.txt' -> '/home/matheusbomfim/projects/strs_paper/samples/gp_global/GIG-RJ-4242-1.bam-unplaced.txt'
File GIG-RJ-435-1.bam-genotype.txt does not belong to any group
File GIG-RJ-728-1.bam-genotype.txt does not belong to any group
File GIG-RJ-733-1.bam-genotype.txt does not belong to any group
File GIG-RJ-8270-1.bam-genotype.txt does not belong to any group
File GIG-RJ-8270-2.bam-genotype.txt does not belong to any group
File GIG-RJ-886-1.bam-genotype.txt does not belong to any group
File GIG-RS-134-1.bam-genotype.txt does not belong to any group
'/home/matheusbomfim/projects/strling/STRling/cbgm_2025/cbgm_output/GIG-RS-15-1.bam-genotype.txt' -> '/home/matheusbomfim/projects/strs_paper/samples/case/GIG-RS-15-1.bam-genotype.txt'
'/home/matheusbomfim/projects/strling/STRling/cbgm_2025/cbgm_output/GIG-RS-15-1.bam-genotype.txt' -> '/home/matheusbomfim/projects/strs_paper/samples/gp_global/GIG-RS-15-1.bam-genotype.txt'
'/home/matheusbomfim/projects/strling/STRling/cbgm_2025/cbgm_output/GIG-RS-15-1.bam-unplaced.txt' -> '/home/matheusbomfim/projects/strs_paper/samples/gp_global/GIG-RS-15-1.bam-unplaced.txt'
'/home/matheusbomfim/projects/strling/STRling/cbgm_2025/cbgm_output/GIG-RS-5-1.bam-genotype.txt' -> '/home/matheusbomfim/projects/strs_paper/samples/control/GIG-RS-5-1.bam-genotype.txt'
'/home/matheusbomfim/projects/strling/STRling/cbgm_2025/cbgm_output/GIG-RS-5-1.bam-genotype.txt' -> '/home/matheusbomfim/projects/strs_paper/samples/gp_global/GIG-RS-5-1.bam-genotype.txt'
'/home/matheusbomfim/projects/strling/STRling/cbgm_2025/cbgm_output/GIG-RS-5-1.bam-unplaced.txt' -> '/home/matheusbomfim/projects/strs_paper/samples/gp_global/GIG-RS-5-1.bam-unplaced.txt'
'/home/matheusbomfim/projects/strling/STRling/cbgm_2025/cbgm_output/GIG-RS-9-1.bam-genotype.txt' -> '/home/matheusbomfim/projects/strs_paper/samples/case/GIG-RS-9-1.bam-genotype.txt'
'/home/matheusbomfim/projects/strling/STRling/cbgm_2025/cbgm_output/GIG-RS-9-1.bam-genotype.txt' -> '/home/matheusbomfim/projects/strs_paper/samples/gp_global/GIG-RS-9-1.bam-genotype.txt'
'/home/matheusbomfim/projects/strling/STRling/cbgm_2025/cbgm_output/GIG-RS-9-1.bam-unplaced.txt' -> '/home/matheusbomfim/projects/strs_paper/samples/gp_global/GIG-RS-9-1.bam-unplaced.txt'
File PBMC-11-1.bam-genotype.txt does not belong to any group
File PBMC-266-1.bam-genotype.txt does not belong to any group
File PBMC-438-1.bam-genotype.txt does not belong to any group
File PBMC-7-1.bam-genotype.txt does not belong to any group
File PBMC-78-1.bam-genotype.txt does not belong to any group
'/home/matheusbomfim/projects/strling/STRling/cbgm_2025/cbgm_output/PNZ-112-1.bam-genotype.txt' -> '/home/matheusbomfim/projects/strs_paper/samples/control/PNZ-112-1.bam-genotype.txt'
'/home/matheusbomfim/projects/strling/STRling/cbgm_2025/cbgm_output/PNZ-112-1.bam-genotype.txt' -> '/home/matheusbomfim/projects/strs_paper/samples/gp_global/PNZ-112-1.bam-genotype.txt'
'/home/matheusbomfim/projects/strling/STRling/cbgm_2025/cbgm_output/PNZ-112-1.bam-unplaced.txt' -> '/home/matheusbomfim/projects/strs_paper/samples/gp_global/PNZ-112-1.bam-unplaced.txt'
'/home/matheusbomfim/projects/strling/STRling/cbgm_2025/cbgm_output/PNZ-133-1.bam-genotype.txt' -> '/home/matheusbomfim/projects/strs_paper/samples/control/PNZ-133-1.bam-genotype.txt'
'/home/matheusbomfim/projects/strling/STRling/cbgm_2025/cbgm_output/PNZ-133-1.bam-genotype.txt' -> '/home/matheusbomfim/projects/strs_paper/samples/gp_global/PNZ-133-1.bam-genotype.txt'
'/home/matheusbomfim/projects/strling/STRling/cbgm_2025/cbgm_output/PNZ-133-1.bam-unplaced.txt' -> '/home/matheusbomfim/projects/strs_paper/samples/gp_global/PNZ-133-1.bam-unplaced.txt'
'/home/matheusbomfim/projects/strling/STRling/cbgm_2025/cbgm_output/PNZ-151-1.bam-genotype.txt' -> '/home/matheusbomfim/projects/strs_paper/samples/control/PNZ-151-1.bam-genotype.txt'
'/home/matheusbomfim/projects/strling/STRling/cbgm_2025/cbgm_output/PNZ-151-1.bam-genotype.txt' -> '/home/matheusbomfim/projects/strs_paper/samples/gp_global/PNZ-151-1.bam-genotype.txt'
'/home/matheusbomfim/projects/strling/STRling/cbgm_2025/cbgm_output/PNZ-151-1.bam-unplaced.txt' -> '/home/matheusbomfim/projects/strs_paper/samples/gp_global/PNZ-151-1.bam-unplaced.txt'
'/home/matheusbomfim/projects/strling/STRling/cbgm_2025/cbgm_output/PNZ-162-1.bam-genotype.txt' -> '/home/matheusbomfim/projects/strs_paper/samples/control/PNZ-162-1.bam-genotype.txt'
'/home/matheusbomfim/projects/strling/STRling/cbgm_2025/cbgm_output/PNZ-162-1.bam-genotype.txt' -> '/home/matheusbomfim/projects/strs_paper/samples/gp_global/PNZ-162-1.bam-genotype.txt'
'/home/matheusbomfim/projects/strling/STRling/cbgm_2025/cbgm_output/PNZ-162-1.bam-unplaced.txt' -> '/home/matheusbomfim/projects/strs_paper/samples/gp_global/PNZ-162-1.bam-unplaced.txt'
'/home/matheusbomfim/projects/strling/STRling/cbgm_2025/cbgm_output/PNZ-179-1.bam-genotype.txt' -> '/home/matheusbomfim/projects/strs_paper/samples/control/PNZ-179-1.bam-genotype.txt'
'/home/matheusbomfim/projects/strling/STRling/cbgm_2025/cbgm_output/PNZ-179-1.bam-genotype.txt' -> '/home/matheusbomfim/projects/strs_paper/samples/gp_global/PNZ-179-1.bam-genotype.txt'
'/home/matheusbomfim/projects/strling/STRling/cbgm_2025/cbgm_output/PNZ-179-1.bam-unplaced.txt' -> '/home/matheusbomfim/projects/strs_paper/samples/gp_global/PNZ-179-1.bam-unplaced.txt'
'/home/matheusbomfim/projects/strling/STRling/cbgm_2025/cbgm_output/PNZ-198-1.bam-genotype.txt' -> '/home/matheusbomfim/projects/strs_paper/samples/control/PNZ-198-1.bam-genotype.txt'
'/home/matheusbomfim/projects/strling/STRling/cbgm_2025/cbgm_output/PNZ-198-1.bam-genotype.txt' -> '/home/matheusbomfim/projects/strs_paper/samples/gp_global/PNZ-198-1.bam-genotype.txt'
'/home/matheusbomfim/projects/strling/STRling/cbgm_2025/cbgm_output/PNZ-198-1.bam-unplaced.txt' -> '/home/matheusbomfim/projects/strs_paper/samples/gp_global/PNZ-198-1.bam-unplaced.txt'
'/home/matheusbomfim/projects/strling/STRling/cbgm_2025/cbgm_output/PNZ-207-1.bam-genotype.txt' -> '/home/matheusbomfim/projects/strs_paper/samples/control/PNZ-207-1.bam-genotype.txt'
'/home/matheusbomfim/projects/strling/STRling/cbgm_2025/cbgm_output/PNZ-207-1.bam-genotype.txt' -> '/home/matheusbomfim/projects/strs_paper/samples/gp_global/PNZ-207-1.bam-genotype.txt'
'/home/matheusbomfim/projects/strling/STRling/cbgm_2025/cbgm_output/PNZ-207-1.bam-unplaced.txt' -> '/home/matheusbomfim/projects/strs_paper/samples/gp_global/PNZ-207-1.bam-unplaced.txt'
'/home/matheusbomfim/projects/strling/STRling/cbgm_2025/cbgm_output/PNZ-233-1.bam-genotype.txt' -> '/home/matheusbomfim/projects/strs_paper/samples/case/PNZ-233-1.bam-genotype.txt'
'/home/matheusbomfim/projects/strling/STRling/cbgm_2025/cbgm_output/PNZ-233-1.bam-genotype.txt' -> '/home/matheusbomfim/projects/strs_paper/samples/gp_global/PNZ-233-1.bam-genotype.txt'
'/home/matheusbomfim/projects/strling/STRling/cbgm_2025/cbgm_output/PNZ-233-1.bam-unplaced.txt' -> '/home/matheusbomfim/projects/strs_paper/samples/gp_global/PNZ-233-1.bam-unplaced.txt'
'/home/matheusbomfim/projects/strling/STRling/cbgm_2025/cbgm_output/PNZ-237-1.bam-genotype.txt' -> '/home/matheusbomfim/projects/strs_paper/samples/control/PNZ-237-1.bam-genotype.txt'
'/home/matheusbomfim/projects/strling/STRling/cbgm_2025/cbgm_output/PNZ-237-1.bam-genotype.txt' -> '/home/matheusbomfim/projects/strs_paper/samples/gp_global/PNZ-237-1.bam-genotype.txt'
'/home/matheusbomfim/projects/strling/STRling/cbgm_2025/cbgm_output/PNZ-237-1.bam-unplaced.txt' -> '/home/matheusbomfim/projects/strs_paper/samples/gp_global/PNZ-237-1.bam-unplaced.txt'
'/home/matheusbomfim/projects/strling/STRling/cbgm_2025/cbgm_output/PNZ-238-1.bam-genotype.txt' -> '/home/matheusbomfim/projects/strs_paper/samples/case/PNZ-238-1.bam-genotype.txt'
'/home/matheusbomfim/projects/strling/STRling/cbgm_2025/cbgm_output/PNZ-238-1.bam-genotype.txt' -> '/home/matheusbomfim/projects/strs_paper/samples/gp_global/PNZ-238-1.bam-genotype.txt'
'/home/matheusbomfim/projects/strling/STRling/cbgm_2025/cbgm_output/PNZ-238-1.bam-unplaced.txt' -> '/home/matheusbomfim/projects/strs_paper/samples/gp_global/PNZ-238-1.bam-unplaced.txt'
'/home/matheusbomfim/projects/strling/STRling/cbgm_2025/cbgm_output/PNZ-249-1.bam-genotype.txt' -> '/home/matheusbomfim/projects/strs_paper/samples/control/PNZ-249-1.bam-genotype.txt'
'/home/matheusbomfim/projects/strling/STRling/cbgm_2025/cbgm_output/PNZ-249-1.bam-genotype.txt' -> '/home/matheusbomfim/projects/strs_paper/samples/gp_global/PNZ-249-1.bam-genotype.txt'
'/home/matheusbomfim/projects/strling/STRling/cbgm_2025/cbgm_output/PNZ-249-1.bam-unplaced.txt' -> '/home/matheusbomfim/projects/strs_paper/samples/gp_global/PNZ-249-1.bam-unplaced.txt'
'/home/matheusbomfim/projects/strling/STRling/cbgm_2025/cbgm_output/PNZ-294-1.bam-genotype.txt' -> '/home/matheusbomfim/projects/strs_paper/samples/control/PNZ-294-1.bam-genotype.txt'
'/home/matheusbomfim/projects/strling/STRling/cbgm_2025/cbgm_output/PNZ-294-1.bam-genotype.txt' -> '/home/matheusbomfim/projects/strs_paper/samples/gp_global/PNZ-294-1.bam-genotype.txt'
'/home/matheusbomfim/projects/strling/STRling/cbgm_2025/cbgm_output/PNZ-294-1.bam-unplaced.txt' -> '/home/matheusbomfim/projects/strs_paper/samples/gp_global/PNZ-294-1.bam-unplaced.txt'
'/home/matheusbomfim/projects/strling/STRling/cbgm_2025/cbgm_output/PNZ-311-1.bam-genotype.txt' -> '/home/matheusbomfim/projects/strs_paper/samples/control/PNZ-311-1.bam-genotype.txt'
'/home/matheusbomfim/projects/strling/STRling/cbgm_2025/cbgm_output/PNZ-311-1.bam-genotype.txt' -> '/home/matheusbomfim/projects/strs_paper/samples/gp_global/PNZ-311-1.bam-genotype.txt'
'/home/matheusbomfim/projects/strling/STRling/cbgm_2025/cbgm_output/PNZ-311-1.bam-unplaced.txt' -> '/home/matheusbomfim/projects/strs_paper/samples/gp_global/PNZ-311-1.bam-unplaced.txt'
'/home/matheusbomfim/projects/strling/STRling/cbgm_2025/cbgm_output/PNZ-335-1.bam-genotype.txt' -> '/home/matheusbomfim/projects/strs_paper/samples/control/PNZ-335-1.bam-genotype.txt'
'/home/matheusbomfim/projects/strling/STRling/cbgm_2025/cbgm_output/PNZ-335-1.bam-genotype.txt' -> '/home/matheusbomfim/projects/strs_paper/samples/gp_global/PNZ-335-1.bam-genotype.txt'
'/home/matheusbomfim/projects/strling/STRling/cbgm_2025/cbgm_output/PNZ-335-1.bam-unplaced.txt' -> '/home/matheusbomfim/projects/strs_paper/samples/gp_global/PNZ-335-1.bam-unplaced.txt'
'/home/matheusbomfim/projects/strling/STRling/cbgm_2025/cbgm_output/PNZ-342-1.bam-genotype.txt' -> '/home/matheusbomfim/projects/strs_paper/samples/case/PNZ-342-1.bam-genotype.txt'
'/home/matheusbomfim/projects/strling/STRling/cbgm_2025/cbgm_output/PNZ-342-1.bam-genotype.txt' -> '/home/matheusbomfim/projects/strs_paper/samples/gp_global/PNZ-342-1.bam-genotype.txt'
'/home/matheusbomfim/projects/strling/STRling/cbgm_2025/cbgm_output/PNZ-342-1.bam-unplaced.txt' -> '/home/matheusbomfim/projects/strs_paper/samples/gp_global/PNZ-342-1.bam-unplaced.txt'
'/home/matheusbomfim/projects/strling/STRling/cbgm_2025/cbgm_output/PNZ-343-1.bam-genotype.txt' -> '/home/matheusbomfim/projects/strs_paper/samples/control/PNZ-343-1.bam-genotype.txt'
'/home/matheusbomfim/projects/strling/STRling/cbgm_2025/cbgm_output/PNZ-343-1.bam-genotype.txt' -> '/home/matheusbomfim/projects/strs_paper/samples/gp_global/PNZ-343-1.bam-genotype.txt'
'/home/matheusbomfim/projects/strling/STRling/cbgm_2025/cbgm_output/PNZ-343-1.bam-unplaced.txt' -> '/home/matheusbomfim/projects/strs_paper/samples/gp_global/PNZ-343-1.bam-unplaced.txt'
'/home/matheusbomfim/projects/strling/STRling/cbgm_2025/cbgm_output/PNZ-344-1.bam-genotype.txt' -> '/home/matheusbomfim/projects/strs_paper/samples/control/PNZ-344-1.bam-genotype.txt'
'/home/matheusbomfim/projects/strling/STRling/cbgm_2025/cbgm_output/PNZ-344-1.bam-genotype.txt' -> '/home/matheusbomfim/projects/strs_paper/samples/gp_global/PNZ-344-1.bam-genotype.txt'
'/home/matheusbomfim/projects/strling/STRling/cbgm_2025/cbgm_output/PNZ-344-1.bam-unplaced.txt' -> '/home/matheusbomfim/projects/strs_paper/samples/gp_global/PNZ-344-1.bam-unplaced.txt'
'/home/matheusbomfim/projects/strling/STRling/cbgm_2025/cbgm_output/PNZ-345-1.bam-genotype.txt' -> '/home/matheusbomfim/projects/strs_paper/samples/case/PNZ-345-1.bam-genotype.txt'
'/home/matheusbomfim/projects/strling/STRling/cbgm_2025/cbgm_output/PNZ-345-1.bam-genotype.txt' -> '/home/matheusbomfim/projects/strs_paper/samples/gp_global/PNZ-345-1.bam-genotype.txt'
'/home/matheusbomfim/projects/strling/STRling/cbgm_2025/cbgm_output/PNZ-345-1.bam-unplaced.txt' -> '/home/matheusbomfim/projects/strs_paper/samples/gp_global/PNZ-345-1.bam-unplaced.txt'
'/home/matheusbomfim/projects/strling/STRling/cbgm_2025/cbgm_output/PNZ-372-1.bam-genotype.txt' -> '/home/matheusbomfim/projects/strs_paper/samples/control/PNZ-372-1.bam-genotype.txt'
'/home/matheusbomfim/projects/strling/STRling/cbgm_2025/cbgm_output/PNZ-372-1.bam-genotype.txt' -> '/home/matheusbomfim/projects/strs_paper/samples/gp_global/PNZ-372-1.bam-genotype.txt'
'/home/matheusbomfim/projects/strling/STRling/cbgm_2025/cbgm_output/PNZ-372-1.bam-unplaced.txt' -> '/home/matheusbomfim/projects/strs_paper/samples/gp_global/PNZ-372-1.bam-unplaced.txt'
'/home/matheusbomfim/projects/strling/STRling/cbgm_2025/cbgm_output/PNZ-394-1.bam-genotype.txt' -> '/home/matheusbomfim/projects/strs_paper/samples/control/PNZ-394-1.bam-genotype.txt'
'/home/matheusbomfim/projects/strling/STRling/cbgm_2025/cbgm_output/PNZ-394-1.bam-genotype.txt' -> '/home/matheusbomfim/projects/strs_paper/samples/gp_global/PNZ-394-1.bam-genotype.txt'
'/home/matheusbomfim/projects/strling/STRling/cbgm_2025/cbgm_output/PNZ-394-1.bam-unplaced.txt' -> '/home/matheusbomfim/projects/strs_paper/samples/gp_global/PNZ-394-1.bam-unplaced.txt'
'/home/matheusbomfim/projects/strling/STRling/cbgm_2025/cbgm_output/PNZ-396-1.bam-genotype.txt' -> '/home/matheusbomfim/projects/strs_paper/samples/case/PNZ-396-1.bam-genotype.txt'
'/home/matheusbomfim/projects/strling/STRling/cbgm_2025/cbgm_output/PNZ-396-1.bam-genotype.txt' -> '/home/matheusbomfim/projects/strs_paper/samples/gp_global/PNZ-396-1.bam-genotype.txt'
'/home/matheusbomfim/projects/strling/STRling/cbgm_2025/cbgm_output/PNZ-396-1.bam-unplaced.txt' -> '/home/matheusbomfim/projects/strs_paper/samples/gp_global/PNZ-396-1.bam-unplaced.txt'
'/home/matheusbomfim/projects/strling/STRling/cbgm_2025/cbgm_output/PNZ-398-1.bam-genotype.txt' -> '/home/matheusbomfim/projects/strs_paper/samples/control/PNZ-398-1.bam-genotype.txt'
'/home/matheusbomfim/projects/strling/STRling/cbgm_2025/cbgm_output/PNZ-398-1.bam-genotype.txt' -> '/home/matheusbomfim/projects/strs_paper/samples/gp_global/PNZ-398-1.bam-genotype.txt'
'/home/matheusbomfim/projects/strling/STRling/cbgm_2025/cbgm_output/PNZ-398-1.bam-unplaced.txt' -> '/home/matheusbomfim/projects/strs_paper/samples/gp_global/PNZ-398-1.bam-unplaced.txt'
'/home/matheusbomfim/projects/strling/STRling/cbgm_2025/cbgm_output/PNZ-423-1.bam-genotype.txt' -> '/home/matheusbomfim/projects/strs_paper/samples/control/PNZ-423-1.bam-genotype.txt'
'/home/matheusbomfim/projects/strling/STRling/cbgm_2025/cbgm_output/PNZ-423-1.bam-genotype.txt' -> '/home/matheusbomfim/projects/strs_paper/samples/gp_global/PNZ-423-1.bam-genotype.txt'
'/home/matheusbomfim/projects/strling/STRling/cbgm_2025/cbgm_output/PNZ-423-1.bam-unplaced.txt' -> '/home/matheusbomfim/projects/strs_paper/samples/gp_global/PNZ-423-1.bam-unplaced.txt'
'/home/matheusbomfim/projects/strling/STRling/cbgm_2025/cbgm_output/PNZ-424-1.bam-genotype.txt' -> '/home/matheusbomfim/projects/strs_paper/samples/control/PNZ-424-1.bam-genotype.txt'
'/home/matheusbomfim/projects/strling/STRling/cbgm_2025/cbgm_output/PNZ-424-1.bam-genotype.txt' -> '/home/matheusbomfim/projects/strs_paper/samples/gp_global/PNZ-424-1.bam-genotype.txt'
'/home/matheusbomfim/projects/strling/STRling/cbgm_2025/cbgm_output/PNZ-424-1.bam-unplaced.txt' -> '/home/matheusbomfim/projects/strs_paper/samples/gp_global/PNZ-424-1.bam-unplaced.txt'
'/home/matheusbomfim/projects/strling/STRling/cbgm_2025/cbgm_output/PNZ-433-1.bam-genotype.txt' -> '/home/matheusbomfim/projects/strs_paper/samples/control/PNZ-433-1.bam-genotype.txt'
'/home/matheusbomfim/projects/strling/STRling/cbgm_2025/cbgm_output/PNZ-433-1.bam-genotype.txt' -> '/home/matheusbomfim/projects/strs_paper/samples/gp_global/PNZ-433-1.bam-genotype.txt'
'/home/matheusbomfim/projects/strling/STRling/cbgm_2025/cbgm_output/PNZ-433-1.bam-unplaced.txt' -> '/home/matheusbomfim/projects/strs_paper/samples/gp_global/PNZ-433-1.bam-unplaced.txt'
File PNZ-480-1.bam-genotype.txt does not belong to any group
'/home/matheusbomfim/projects/strling/STRling/cbgm_2025/cbgm_output/PNZ-491-1.bam-genotype.txt' -> '/home/matheusbomfim/projects/strs_paper/samples/control/PNZ-491-1.bam-genotype.txt'
'/home/matheusbomfim/projects/strling/STRling/cbgm_2025/cbgm_output/PNZ-491-1.bam-genotype.txt' -> '/home/matheusbomfim/projects/strs_paper/samples/gp_global/PNZ-491-1.bam-genotype.txt'
'/home/matheusbomfim/projects/strling/STRling/cbgm_2025/cbgm_output/PNZ-491-1.bam-unplaced.txt' -> '/home/matheusbomfim/projects/strs_paper/samples/gp_global/PNZ-491-1.bam-unplaced.txt'
'/home/matheusbomfim/projects/strling/STRling/cbgm_2025/cbgm_output/PNZ-502-1.bam-genotype.txt' -> '/home/matheusbomfim/projects/strs_paper/samples/control/PNZ-502-1.bam-genotype.txt'
'/home/matheusbomfim/projects/strling/STRling/cbgm_2025/cbgm_output/PNZ-502-1.bam-genotype.txt' -> '/home/matheusbomfim/projects/strs_paper/samples/gp_global/PNZ-502-1.bam-genotype.txt'
'/home/matheusbomfim/projects/strling/STRling/cbgm_2025/cbgm_output/PNZ-502-1.bam-unplaced.txt' -> '/home/matheusbomfim/projects/strs_paper/samples/gp_global/PNZ-502-1.bam-unplaced.txt'
File PNZ-502-2.bam-genotype.txt does not belong to any group
'/home/matheusbomfim/projects/strling/STRling/cbgm_2025/cbgm_output/PNZ-506-1.bam-genotype.txt' -> '/home/matheusbomfim/projects/strs_paper/samples/control/PNZ-506-1.bam-genotype.txt'
'/home/matheusbomfim/projects/strling/STRling/cbgm_2025/cbgm_output/PNZ-506-1.bam-genotype.txt' -> '/home/matheusbomfim/projects/strs_paper/samples/gp_global/PNZ-506-1.bam-genotype.txt'
'/home/matheusbomfim/projects/strling/STRling/cbgm_2025/cbgm_output/PNZ-506-1.bam-unplaced.txt' -> '/home/matheusbomfim/projects/strs_paper/samples/gp_global/PNZ-506-1.bam-unplaced.txt'
'/home/matheusbomfim/projects/strling/STRling/cbgm_2025/cbgm_output/PNZ-510-1.bam-genotype.txt' -> '/home/matheusbomfim/projects/strs_paper/samples/control/PNZ-510-1.bam-genotype.txt'
'/home/matheusbomfim/projects/strling/STRling/cbgm_2025/cbgm_output/PNZ-510-1.bam-genotype.txt' -> '/home/matheusbomfim/projects/strs_paper/samples/gp_global/PNZ-510-1.bam-genotype.txt'
'/home/matheusbomfim/projects/strling/STRling/cbgm_2025/cbgm_output/PNZ-510-1.bam-unplaced.txt' -> '/home/matheusbomfim/projects/strs_paper/samples/gp_global/PNZ-510-1.bam-unplaced.txt'
'/home/matheusbomfim/projects/strling/STRling/cbgm_2025/cbgm_output/PNZ-538-1.bam-genotype.txt' -> '/home/matheusbomfim/projects/strs_paper/samples/control/PNZ-538-1.bam-genotype.txt'
'/home/matheusbomfim/projects/strling/STRling/cbgm_2025/cbgm_output/PNZ-538-1.bam-genotype.txt' -> '/home/matheusbomfim/projects/strs_paper/samples/gp_global/PNZ-538-1.bam-genotype.txt'
'/home/matheusbomfim/projects/strling/STRling/cbgm_2025/cbgm_output/PNZ-538-1.bam-unplaced.txt' -> '/home/matheusbomfim/projects/strs_paper/samples/gp_global/PNZ-538-1.bam-unplaced.txt'
'/home/matheusbomfim/projects/strling/STRling/cbgm_2025/cbgm_output/PNZ-550-1.bam-genotype.txt' -> '/home/matheusbomfim/projects/strs_paper/samples/case/PNZ-550-1.bam-genotype.txt'
'/home/matheusbomfim/projects/strling/STRling/cbgm_2025/cbgm_output/PNZ-550-1.bam-genotype.txt' -> '/home/matheusbomfim/projects/strs_paper/samples/gp_global/PNZ-550-1.bam-genotype.txt'
'/home/matheusbomfim/projects/strling/STRling/cbgm_2025/cbgm_output/PNZ-550-1.bam-unplaced.txt' -> '/home/matheusbomfim/projects/strs_paper/samples/gp_global/PNZ-550-1.bam-unplaced.txt'
'/home/matheusbomfim/projects/strling/STRling/cbgm_2025/cbgm_output/PNZ-557-1.bam-genotype.txt' -> '/home/matheusbomfim/projects/strs_paper/samples/control/PNZ-557-1.bam-genotype.txt'
'/home/matheusbomfim/projects/strling/STRling/cbgm_2025/cbgm_output/PNZ-557-1.bam-genotype.txt' -> '/home/matheusbomfim/projects/strs_paper/samples/gp_global/PNZ-557-1.bam-genotype.txt'
'/home/matheusbomfim/projects/strling/STRling/cbgm_2025/cbgm_output/PNZ-557-1.bam-unplaced.txt' -> '/home/matheusbomfim/projects/strs_paper/samples/gp_global/PNZ-557-1.bam-unplaced.txt'
'/home/matheusbomfim/projects/strling/STRling/cbgm_2025/cbgm_output/PNZ-573-1.bam-genotype.txt' -> '/home/matheusbomfim/projects/strs_paper/samples/case/PNZ-573-1.bam-genotype.txt'
'/home/matheusbomfim/projects/strling/STRling/cbgm_2025/cbgm_output/PNZ-573-1.bam-genotype.txt' -> '/home/matheusbomfim/projects/strs_paper/samples/gp_global/PNZ-573-1.bam-genotype.txt'
'/home/matheusbomfim/projects/strling/STRling/cbgm_2025/cbgm_output/PNZ-573-1.bam-unplaced.txt' -> '/home/matheusbomfim/projects/strs_paper/samples/gp_global/PNZ-573-1.bam-unplaced.txt'
'/home/matheusbomfim/projects/strling/STRling/cbgm_2025/cbgm_output/PNZ-592-1.bam-genotype.txt' -> '/home/matheusbomfim/projects/strs_paper/samples/control/PNZ-592-1.bam-genotype.txt'
'/home/matheusbomfim/projects/strling/STRling/cbgm_2025/cbgm_output/PNZ-592-1.bam-genotype.txt' -> '/home/matheusbomfim/projects/strs_paper/samples/gp_global/PNZ-592-1.bam-genotype.txt'
'/home/matheusbomfim/projects/strling/STRling/cbgm_2025/cbgm_output/PNZ-592-1.bam-unplaced.txt' -> '/home/matheusbomfim/projects/strs_paper/samples/gp_global/PNZ-592-1.bam-unplaced.txt'
'/home/matheusbomfim/projects/strling/STRling/cbgm_2025/cbgm_output/PNZ-608-1.bam-genotype.txt' -> '/home/matheusbomfim/projects/strs_paper/samples/control/PNZ-608-1.bam-genotype.txt'
'/home/matheusbomfim/projects/strling/STRling/cbgm_2025/cbgm_output/PNZ-608-1.bam-genotype.txt' -> '/home/matheusbomfim/projects/strs_paper/samples/gp_global/PNZ-608-1.bam-genotype.txt'
'/home/matheusbomfim/projects/strling/STRling/cbgm_2025/cbgm_output/PNZ-608-1.bam-unplaced.txt' -> '/home/matheusbomfim/projects/strs_paper/samples/gp_global/PNZ-608-1.bam-unplaced.txt'
'/home/matheusbomfim/projects/strling/STRling/cbgm_2025/cbgm_output/PNZ-630-1.bam-genotype.txt' -> '/home/matheusbomfim/projects/strs_paper/samples/case/PNZ-630-1.bam-genotype.txt'
'/home/matheusbomfim/projects/strling/STRling/cbgm_2025/cbgm_output/PNZ-630-1.bam-genotype.txt' -> '/home/matheusbomfim/projects/strs_paper/samples/gp_global/PNZ-630-1.bam-genotype.txt'
'/home/matheusbomfim/projects/strling/STRling/cbgm_2025/cbgm_output/PNZ-630-1.bam-unplaced.txt' -> '/home/matheusbomfim/projects/strs_paper/samples/gp_global/PNZ-630-1.bam-unplaced.txt'
'/home/matheusbomfim/projects/strling/STRling/cbgm_2025/cbgm_output/PNZ-632-1.bam-genotype.txt' -> '/home/matheusbomfim/projects/strs_paper/samples/control/PNZ-632-1.bam-genotype.txt'
'/home/matheusbomfim/projects/strling/STRling/cbgm_2025/cbgm_output/PNZ-632-1.bam-genotype.txt' -> '/home/matheusbomfim/projects/strs_paper/samples/gp_global/PNZ-632-1.bam-genotype.txt'
'/home/matheusbomfim/projects/strling/STRling/cbgm_2025/cbgm_output/PNZ-632-1.bam-unplaced.txt' -> '/home/matheusbomfim/projects/strs_paper/samples/gp_global/PNZ-632-1.bam-unplaced.txt'
'/home/matheusbomfim/projects/strling/STRling/cbgm_2025/cbgm_output/PNZ-633-1.bam-genotype.txt' -> '/home/matheusbomfim/projects/strs_paper/samples/control/PNZ-633-1.bam-genotype.txt'
'/home/matheusbomfim/projects/strling/STRling/cbgm_2025/cbgm_output/PNZ-633-1.bam-genotype.txt' -> '/home/matheusbomfim/projects/strs_paper/samples/gp_global/PNZ-633-1.bam-genotype.txt'
'/home/matheusbomfim/projects/strling/STRling/cbgm_2025/cbgm_output/PNZ-633-1.bam-unplaced.txt' -> '/home/matheusbomfim/projects/strs_paper/samples/gp_global/PNZ-633-1.bam-unplaced.txt'
'/home/matheusbomfim/projects/strling/STRling/cbgm_2025/cbgm_output/PNZ-635-1.bam-genotype.txt' -> '/home/matheusbomfim/projects/strs_paper/samples/control/PNZ-635-1.bam-genotype.txt'
'/home/matheusbomfim/projects/strling/STRling/cbgm_2025/cbgm_output/PNZ-635-1.bam-genotype.txt' -> '/home/matheusbomfim/projects/strs_paper/samples/gp_global/PNZ-635-1.bam-genotype.txt'
'/home/matheusbomfim/projects/strling/STRling/cbgm_2025/cbgm_output/PNZ-635-1.bam-unplaced.txt' -> '/home/matheusbomfim/projects/strs_paper/samples/gp_global/PNZ-635-1.bam-unplaced.txt'
'/home/matheusbomfim/projects/strling/STRling/cbgm_2025/cbgm_output/PNZ-644-1.bam-genotype.txt' -> '/home/matheusbomfim/projects/strs_paper/samples/control/PNZ-644-1.bam-genotype.txt'
'/home/matheusbomfim/projects/strling/STRling/cbgm_2025/cbgm_output/PNZ-644-1.bam-genotype.txt' -> '/home/matheusbomfim/projects/strs_paper/samples/gp_global/PNZ-644-1.bam-genotype.txt'
'/home/matheusbomfim/projects/strling/STRling/cbgm_2025/cbgm_output/PNZ-644-1.bam-unplaced.txt' -> '/home/matheusbomfim/projects/strs_paper/samples/gp_global/PNZ-644-1.bam-unplaced.txt'
'/home/matheusbomfim/projects/strling/STRling/cbgm_2025/cbgm_output/PNZ-647-1.bam-genotype.txt' -> '/home/matheusbomfim/projects/strs_paper/samples/case/PNZ-647-1.bam-genotype.txt'
'/home/matheusbomfim/projects/strling/STRling/cbgm_2025/cbgm_output/PNZ-647-1.bam-genotype.txt' -> '/home/matheusbomfim/projects/strs_paper/samples/gp_global/PNZ-647-1.bam-genotype.txt'
'/home/matheusbomfim/projects/strling/STRling/cbgm_2025/cbgm_output/PNZ-647-1.bam-unplaced.txt' -> '/home/matheusbomfim/projects/strs_paper/samples/gp_global/PNZ-647-1.bam-unplaced.txt'
'/home/matheusbomfim/projects/strling/STRling/cbgm_2025/cbgm_output/PNZ-660-1.bam-genotype.txt' -> '/home/matheusbomfim/projects/strs_paper/samples/case/PNZ-660-1.bam-genotype.txt'
'/home/matheusbomfim/projects/strling/STRling/cbgm_2025/cbgm_output/PNZ-660-1.bam-genotype.txt' -> '/home/matheusbomfim/projects/strs_paper/samples/gp_global/PNZ-660-1.bam-genotype.txt'
'/home/matheusbomfim/projects/strling/STRling/cbgm_2025/cbgm_output/PNZ-660-1.bam-unplaced.txt' -> '/home/matheusbomfim/projects/strs_paper/samples/gp_global/PNZ-660-1.bam-unplaced.txt'
'/home/matheusbomfim/projects/strling/STRling/cbgm_2025/cbgm_output/PNZ-701-1.bam-genotype.txt' -> '/home/matheusbomfim/projects/strs_paper/samples/control/PNZ-701-1.bam-genotype.txt'
'/home/matheusbomfim/projects/strling/STRling/cbgm_2025/cbgm_output/PNZ-701-1.bam-genotype.txt' -> '/home/matheusbomfim/projects/strs_paper/samples/gp_global/PNZ-701-1.bam-genotype.txt'
'/home/matheusbomfim/projects/strling/STRling/cbgm_2025/cbgm_output/PNZ-701-1.bam-unplaced.txt' -> '/home/matheusbomfim/projects/strs_paper/samples/gp_global/PNZ-701-1.bam-unplaced.txt'
'/home/matheusbomfim/projects/strling/STRling/cbgm_2025/cbgm_output/PNZ-707-1.bam-genotype.txt' -> '/home/matheusbomfim/projects/strs_paper/samples/control/PNZ-707-1.bam-genotype.txt'
'/home/matheusbomfim/projects/strling/STRling/cbgm_2025/cbgm_output/PNZ-707-1.bam-genotype.txt' -> '/home/matheusbomfim/projects/strs_paper/samples/gp_global/PNZ-707-1.bam-genotype.txt'
'/home/matheusbomfim/projects/strling/STRling/cbgm_2025/cbgm_output/PNZ-707-1.bam-unplaced.txt' -> '/home/matheusbomfim/projects/strs_paper/samples/gp_global/PNZ-707-1.bam-unplaced.txt'
'/home/matheusbomfim/projects/strling/STRling/cbgm_2025/cbgm_output/PNZ-708-1.bam-genotype.txt' -> '/home/matheusbomfim/projects/strs_paper/samples/control/PNZ-708-1.bam-genotype.txt'
'/home/matheusbomfim/projects/strling/STRling/cbgm_2025/cbgm_output/PNZ-708-1.bam-genotype.txt' -> '/home/matheusbomfim/projects/strs_paper/samples/gp_global/PNZ-708-1.bam-genotype.txt'
'/home/matheusbomfim/projects/strling/STRling/cbgm_2025/cbgm_output/PNZ-708-1.bam-unplaced.txt' -> '/home/matheusbomfim/projects/strs_paper/samples/gp_global/PNZ-708-1.bam-unplaced.txt'
'/home/matheusbomfim/projects/strling/STRling/cbgm_2025/cbgm_output/PNZ-756-1.bam-genotype.txt' -> '/home/matheusbomfim/projects/strs_paper/samples/control/PNZ-756-1.bam-genotype.txt'
'/home/matheusbomfim/projects/strling/STRling/cbgm_2025/cbgm_output/PNZ-756-1.bam-genotype.txt' -> '/home/matheusbomfim/projects/strs_paper/samples/gp_global/PNZ-756-1.bam-genotype.txt'
'/home/matheusbomfim/projects/strling/STRling/cbgm_2025/cbgm_output/PNZ-756-1.bam-unplaced.txt' -> '/home/matheusbomfim/projects/strs_paper/samples/gp_global/PNZ-756-1.bam-unplaced.txt'
'/home/matheusbomfim/projects/strling/STRling/cbgm_2025/cbgm_output/PNZ-791-1.bam-genotype.txt' -> '/home/matheusbomfim/projects/strs_paper/samples/control/PNZ-791-1.bam-genotype.txt'
'/home/matheusbomfim/projects/strling/STRling/cbgm_2025/cbgm_output/PNZ-791-1.bam-genotype.txt' -> '/home/matheusbomfim/projects/strs_paper/samples/gp_global/PNZ-791-1.bam-genotype.txt'
'/home/matheusbomfim/projects/strling/STRling/cbgm_2025/cbgm_output/PNZ-791-1.bam-unplaced.txt' -> '/home/matheusbomfim/projects/strs_paper/samples/gp_global/PNZ-791-1.bam-unplaced.txt'
'/home/matheusbomfim/projects/strling/STRling/cbgm_2025/cbgm_output/REC-100-1.bam-genotype.txt' -> '/home/matheusbomfim/projects/strs_paper/samples/control/REC-100-1.bam-genotype.txt'
'/home/matheusbomfim/projects/strling/STRling/cbgm_2025/cbgm_output/REC-100-1.bam-genotype.txt' -> '/home/matheusbomfim/projects/strs_paper/samples/gp_global/REC-100-1.bam-genotype.txt'
'/home/matheusbomfim/projects/strling/STRling/cbgm_2025/cbgm_output/REC-100-1.bam-unplaced.txt' -> '/home/matheusbomfim/projects/strs_paper/samples/gp_global/REC-100-1.bam-unplaced.txt'
'/home/matheusbomfim/projects/strling/STRling/cbgm_2025/cbgm_output/REC-101-1.bam-genotype.txt' -> '/home/matheusbomfim/projects/strs_paper/samples/control/REC-101-1.bam-genotype.txt'
'/home/matheusbomfim/projects/strling/STRling/cbgm_2025/cbgm_output/REC-101-1.bam-genotype.txt' -> '/home/matheusbomfim/projects/strs_paper/samples/gp_global/REC-101-1.bam-genotype.txt'
'/home/matheusbomfim/projects/strling/STRling/cbgm_2025/cbgm_output/REC-101-1.bam-unplaced.txt' -> '/home/matheusbomfim/projects/strs_paper/samples/gp_global/REC-101-1.bam-unplaced.txt'
'/home/matheusbomfim/projects/strling/STRling/cbgm_2025/cbgm_output/REC-102-1.bam-genotype.txt' -> '/home/matheusbomfim/projects/strs_paper/samples/control/REC-102-1.bam-genotype.txt'
'/home/matheusbomfim/projects/strling/STRling/cbgm_2025/cbgm_output/REC-102-1.bam-genotype.txt' -> '/home/matheusbomfim/projects/strs_paper/samples/gp_global/REC-102-1.bam-genotype.txt'
'/home/matheusbomfim/projects/strling/STRling/cbgm_2025/cbgm_output/REC-102-1.bam-unplaced.txt' -> '/home/matheusbomfim/projects/strs_paper/samples/gp_global/REC-102-1.bam-unplaced.txt'
'/home/matheusbomfim/projects/strling/STRling/cbgm_2025/cbgm_output/REC-103-1.bam-genotype.txt' -> '/home/matheusbomfim/projects/strs_paper/samples/case/REC-103-1.bam-genotype.txt'
'/home/matheusbomfim/projects/strling/STRling/cbgm_2025/cbgm_output/REC-103-1.bam-genotype.txt' -> '/home/matheusbomfim/projects/strs_paper/samples/gp_global/REC-103-1.bam-genotype.txt'
'/home/matheusbomfim/projects/strling/STRling/cbgm_2025/cbgm_output/REC-103-1.bam-unplaced.txt' -> '/home/matheusbomfim/projects/strs_paper/samples/gp_global/REC-103-1.bam-unplaced.txt'
'/home/matheusbomfim/projects/strling/STRling/cbgm_2025/cbgm_output/REC-104-1.bam-genotype.txt' -> '/home/matheusbomfim/projects/strs_paper/samples/control/REC-104-1.bam-genotype.txt'
'/home/matheusbomfim/projects/strling/STRling/cbgm_2025/cbgm_output/REC-104-1.bam-genotype.txt' -> '/home/matheusbomfim/projects/strs_paper/samples/gp_global/REC-104-1.bam-genotype.txt'
'/home/matheusbomfim/projects/strling/STRling/cbgm_2025/cbgm_output/REC-104-1.bam-unplaced.txt' -> '/home/matheusbomfim/projects/strs_paper/samples/gp_global/REC-104-1.bam-unplaced.txt'
'/home/matheusbomfim/projects/strling/STRling/cbgm_2025/cbgm_output/REC-105-1.bam-genotype.txt' -> '/home/matheusbomfim/projects/strs_paper/samples/control/REC-105-1.bam-genotype.txt'
'/home/matheusbomfim/projects/strling/STRling/cbgm_2025/cbgm_output/REC-105-1.bam-genotype.txt' -> '/home/matheusbomfim/projects/strs_paper/samples/gp_global/REC-105-1.bam-genotype.txt'
'/home/matheusbomfim/projects/strling/STRling/cbgm_2025/cbgm_output/REC-105-1.bam-unplaced.txt' -> '/home/matheusbomfim/projects/strs_paper/samples/gp_global/REC-105-1.bam-unplaced.txt'
'/home/matheusbomfim/projects/strling/STRling/cbgm_2025/cbgm_output/REC-106-1.bam-genotype.txt' -> '/home/matheusbomfim/projects/strs_paper/samples/control/REC-106-1.bam-genotype.txt'
'/home/matheusbomfim/projects/strling/STRling/cbgm_2025/cbgm_output/REC-106-1.bam-genotype.txt' -> '/home/matheusbomfim/projects/strs_paper/samples/gp_global/REC-106-1.bam-genotype.txt'
'/home/matheusbomfim/projects/strling/STRling/cbgm_2025/cbgm_output/REC-106-1.bam-unplaced.txt' -> '/home/matheusbomfim/projects/strs_paper/samples/gp_global/REC-106-1.bam-unplaced.txt'
'/home/matheusbomfim/projects/strling/STRling/cbgm_2025/cbgm_output/REC-107-1.bam-genotype.txt' -> '/home/matheusbomfim/projects/strs_paper/samples/control/REC-107-1.bam-genotype.txt'
'/home/matheusbomfim/projects/strling/STRling/cbgm_2025/cbgm_output/REC-107-1.bam-genotype.txt' -> '/home/matheusbomfim/projects/strs_paper/samples/gp_global/REC-107-1.bam-genotype.txt'
'/home/matheusbomfim/projects/strling/STRling/cbgm_2025/cbgm_output/REC-107-1.bam-unplaced.txt' -> '/home/matheusbomfim/projects/strs_paper/samples/gp_global/REC-107-1.bam-unplaced.txt'
'/home/matheusbomfim/projects/strling/STRling/cbgm_2025/cbgm_output/REC-108-1.bam-genotype.txt' -> '/home/matheusbomfim/projects/strs_paper/samples/case/REC-108-1.bam-genotype.txt'
'/home/matheusbomfim/projects/strling/STRling/cbgm_2025/cbgm_output/REC-108-1.bam-genotype.txt' -> '/home/matheusbomfim/projects/strs_paper/samples/gp_global/REC-108-1.bam-genotype.txt'
'/home/matheusbomfim/projects/strling/STRling/cbgm_2025/cbgm_output/REC-108-1.bam-unplaced.txt' -> '/home/matheusbomfim/projects/strs_paper/samples/gp_global/REC-108-1.bam-unplaced.txt'
'/home/matheusbomfim/projects/strling/STRling/cbgm_2025/cbgm_output/REC-109-1.bam-genotype.txt' -> '/home/matheusbomfim/projects/strs_paper/samples/case/REC-109-1.bam-genotype.txt'
'/home/matheusbomfim/projects/strling/STRling/cbgm_2025/cbgm_output/REC-109-1.bam-genotype.txt' -> '/home/matheusbomfim/projects/strs_paper/samples/gp_global/REC-109-1.bam-genotype.txt'
'/home/matheusbomfim/projects/strling/STRling/cbgm_2025/cbgm_output/REC-109-1.bam-unplaced.txt' -> '/home/matheusbomfim/projects/strs_paper/samples/gp_global/REC-109-1.bam-unplaced.txt'
'/home/matheusbomfim/projects/strling/STRling/cbgm_2025/cbgm_output/REC-110-1.bam-genotype.txt' -> '/home/matheusbomfim/projects/strs_paper/samples/control/REC-110-1.bam-genotype.txt'
'/home/matheusbomfim/projects/strling/STRling/cbgm_2025/cbgm_output/REC-110-1.bam-genotype.txt' -> '/home/matheusbomfim/projects/strs_paper/samples/gp_global/REC-110-1.bam-genotype.txt'
'/home/matheusbomfim/projects/strling/STRling/cbgm_2025/cbgm_output/REC-110-1.bam-unplaced.txt' -> '/home/matheusbomfim/projects/strs_paper/samples/gp_global/REC-110-1.bam-unplaced.txt'
'/home/matheusbomfim/projects/strling/STRling/cbgm_2025/cbgm_output/REC-111-1.bam-genotype.txt' -> '/home/matheusbomfim/projects/strs_paper/samples/control/REC-111-1.bam-genotype.txt'
'/home/matheusbomfim/projects/strling/STRling/cbgm_2025/cbgm_output/REC-111-1.bam-genotype.txt' -> '/home/matheusbomfim/projects/strs_paper/samples/gp_global/REC-111-1.bam-genotype.txt'
'/home/matheusbomfim/projects/strling/STRling/cbgm_2025/cbgm_output/REC-111-1.bam-unplaced.txt' -> '/home/matheusbomfim/projects/strs_paper/samples/gp_global/REC-111-1.bam-unplaced.txt'
'/home/matheusbomfim/projects/strling/STRling/cbgm_2025/cbgm_output/REC-112-1.bam-genotype.txt' -> '/home/matheusbomfim/projects/strs_paper/samples/control/REC-112-1.bam-genotype.txt'
'/home/matheusbomfim/projects/strling/STRling/cbgm_2025/cbgm_output/REC-112-1.bam-genotype.txt' -> '/home/matheusbomfim/projects/strs_paper/samples/gp_global/REC-112-1.bam-genotype.txt'
'/home/matheusbomfim/projects/strling/STRling/cbgm_2025/cbgm_output/REC-112-1.bam-unplaced.txt' -> '/home/matheusbomfim/projects/strs_paper/samples/gp_global/REC-112-1.bam-unplaced.txt'
'/home/matheusbomfim/projects/strling/STRling/cbgm_2025/cbgm_output/REC-113-1.bam-genotype.txt' -> '/home/matheusbomfim/projects/strs_paper/samples/control/REC-113-1.bam-genotype.txt'
'/home/matheusbomfim/projects/strling/STRling/cbgm_2025/cbgm_output/REC-113-1.bam-genotype.txt' -> '/home/matheusbomfim/projects/strs_paper/samples/gp_global/REC-113-1.bam-genotype.txt'
'/home/matheusbomfim/projects/strling/STRling/cbgm_2025/cbgm_output/REC-113-1.bam-unplaced.txt' -> '/home/matheusbomfim/projects/strs_paper/samples/gp_global/REC-113-1.bam-unplaced.txt'
'/home/matheusbomfim/projects/strling/STRling/cbgm_2025/cbgm_output/REC-114-1.bam-genotype.txt' -> '/home/matheusbomfim/projects/strs_paper/samples/control/REC-114-1.bam-genotype.txt'
'/home/matheusbomfim/projects/strling/STRling/cbgm_2025/cbgm_output/REC-114-1.bam-genotype.txt' -> '/home/matheusbomfim/projects/strs_paper/samples/gp_global/REC-114-1.bam-genotype.txt'
'/home/matheusbomfim/projects/strling/STRling/cbgm_2025/cbgm_output/REC-114-1.bam-unplaced.txt' -> '/home/matheusbomfim/projects/strs_paper/samples/gp_global/REC-114-1.bam-unplaced.txt'
'/home/matheusbomfim/projects/strling/STRling/cbgm_2025/cbgm_output/REC-115-1.bam-genotype.txt' -> '/home/matheusbomfim/projects/strs_paper/samples/control/REC-115-1.bam-genotype.txt'
'/home/matheusbomfim/projects/strling/STRling/cbgm_2025/cbgm_output/REC-115-1.bam-genotype.txt' -> '/home/matheusbomfim/projects/strs_paper/samples/gp_global/REC-115-1.bam-genotype.txt'
'/home/matheusbomfim/projects/strling/STRling/cbgm_2025/cbgm_output/REC-115-1.bam-unplaced.txt' -> '/home/matheusbomfim/projects/strs_paper/samples/gp_global/REC-115-1.bam-unplaced.txt'
'/home/matheusbomfim/projects/strling/STRling/cbgm_2025/cbgm_output/REC-13-1.bam-genotype.txt' -> '/home/matheusbomfim/projects/strs_paper/samples/control/REC-13-1.bam-genotype.txt'
'/home/matheusbomfim/projects/strling/STRling/cbgm_2025/cbgm_output/REC-13-1.bam-genotype.txt' -> '/home/matheusbomfim/projects/strs_paper/samples/gp_global/REC-13-1.bam-genotype.txt'
'/home/matheusbomfim/projects/strling/STRling/cbgm_2025/cbgm_output/REC-13-1.bam-unplaced.txt' -> '/home/matheusbomfim/projects/strs_paper/samples/gp_global/REC-13-1.bam-unplaced.txt'
'/home/matheusbomfim/projects/strling/STRling/cbgm_2025/cbgm_output/REC-16-1.bam-genotype.txt' -> '/home/matheusbomfim/projects/strs_paper/samples/control/REC-16-1.bam-genotype.txt'
'/home/matheusbomfim/projects/strling/STRling/cbgm_2025/cbgm_output/REC-16-1.bam-genotype.txt' -> '/home/matheusbomfim/projects/strs_paper/samples/gp_global/REC-16-1.bam-genotype.txt'
'/home/matheusbomfim/projects/strling/STRling/cbgm_2025/cbgm_output/REC-16-1.bam-unplaced.txt' -> '/home/matheusbomfim/projects/strs_paper/samples/gp_global/REC-16-1.bam-unplaced.txt'
'/home/matheusbomfim/projects/strling/STRling/cbgm_2025/cbgm_output/REC-18-1.bam-genotype.txt' -> '/home/matheusbomfim/projects/strs_paper/samples/control/REC-18-1.bam-genotype.txt'
'/home/matheusbomfim/projects/strling/STRling/cbgm_2025/cbgm_output/REC-18-1.bam-genotype.txt' -> '/home/matheusbomfim/projects/strs_paper/samples/gp_global/REC-18-1.bam-genotype.txt'
'/home/matheusbomfim/projects/strling/STRling/cbgm_2025/cbgm_output/REC-18-1.bam-unplaced.txt' -> '/home/matheusbomfim/projects/strs_paper/samples/gp_global/REC-18-1.bam-unplaced.txt'
'/home/matheusbomfim/projects/strling/STRling/cbgm_2025/cbgm_output/REC-27-1.bam-genotype.txt' -> '/home/matheusbomfim/projects/strs_paper/samples/control/REC-27-1.bam-genotype.txt'
'/home/matheusbomfim/projects/strling/STRling/cbgm_2025/cbgm_output/REC-27-1.bam-genotype.txt' -> '/home/matheusbomfim/projects/strs_paper/samples/gp_global/REC-27-1.bam-genotype.txt'
'/home/matheusbomfim/projects/strling/STRling/cbgm_2025/cbgm_output/REC-27-1.bam-unplaced.txt' -> '/home/matheusbomfim/projects/strs_paper/samples/gp_global/REC-27-1.bam-unplaced.txt'
'/home/matheusbomfim/projects/strling/STRling/cbgm_2025/cbgm_output/REC-30-1.bam-genotype.txt' -> '/home/matheusbomfim/projects/strs_paper/samples/control/REC-30-1.bam-genotype.txt'
'/home/matheusbomfim/projects/strling/STRling/cbgm_2025/cbgm_output/REC-30-1.bam-genotype.txt' -> '/home/matheusbomfim/projects/strs_paper/samples/gp_global/REC-30-1.bam-genotype.txt'
'/home/matheusbomfim/projects/strling/STRling/cbgm_2025/cbgm_output/REC-30-1.bam-unplaced.txt' -> '/home/matheusbomfim/projects/strs_paper/samples/gp_global/REC-30-1.bam-unplaced.txt'
'/home/matheusbomfim/projects/strling/STRling/cbgm_2025/cbgm_output/REC-32-1.bam-genotype.txt' -> '/home/matheusbomfim/projects/strs_paper/samples/control/REC-32-1.bam-genotype.txt'
'/home/matheusbomfim/projects/strling/STRling/cbgm_2025/cbgm_output/REC-32-1.bam-genotype.txt' -> '/home/matheusbomfim/projects/strs_paper/samples/gp_global/REC-32-1.bam-genotype.txt'
'/home/matheusbomfim/projects/strling/STRling/cbgm_2025/cbgm_output/REC-32-1.bam-unplaced.txt' -> '/home/matheusbomfim/projects/strs_paper/samples/gp_global/REC-32-1.bam-unplaced.txt'
'/home/matheusbomfim/projects/strling/STRling/cbgm_2025/cbgm_output/REC-40-1.bam-genotype.txt' -> '/home/matheusbomfim/projects/strs_paper/samples/control/REC-40-1.bam-genotype.txt'
'/home/matheusbomfim/projects/strling/STRling/cbgm_2025/cbgm_output/REC-40-1.bam-genotype.txt' -> '/home/matheusbomfim/projects/strs_paper/samples/gp_global/REC-40-1.bam-genotype.txt'
'/home/matheusbomfim/projects/strling/STRling/cbgm_2025/cbgm_output/REC-40-1.bam-unplaced.txt' -> '/home/matheusbomfim/projects/strs_paper/samples/gp_global/REC-40-1.bam-unplaced.txt'
'/home/matheusbomfim/projects/strling/STRling/cbgm_2025/cbgm_output/REC-44-1.bam-genotype.txt' -> '/home/matheusbomfim/projects/strs_paper/samples/control/REC-44-1.bam-genotype.txt'
'/home/matheusbomfim/projects/strling/STRling/cbgm_2025/cbgm_output/REC-44-1.bam-genotype.txt' -> '/home/matheusbomfim/projects/strs_paper/samples/gp_global/REC-44-1.bam-genotype.txt'
'/home/matheusbomfim/projects/strling/STRling/cbgm_2025/cbgm_output/REC-44-1.bam-unplaced.txt' -> '/home/matheusbomfim/projects/strs_paper/samples/gp_global/REC-44-1.bam-unplaced.txt'
'/home/matheusbomfim/projects/strling/STRling/cbgm_2025/cbgm_output/REC-51-1.bam-genotype.txt' -> '/home/matheusbomfim/projects/strs_paper/samples/control/REC-51-1.bam-genotype.txt'
'/home/matheusbomfim/projects/strling/STRling/cbgm_2025/cbgm_output/REC-51-1.bam-genotype.txt' -> '/home/matheusbomfim/projects/strs_paper/samples/gp_global/REC-51-1.bam-genotype.txt'
'/home/matheusbomfim/projects/strling/STRling/cbgm_2025/cbgm_output/REC-51-1.bam-unplaced.txt' -> '/home/matheusbomfim/projects/strs_paper/samples/gp_global/REC-51-1.bam-unplaced.txt'
'/home/matheusbomfim/projects/strling/STRling/cbgm_2025/cbgm_output/REC-53-1.bam-genotype.txt' -> '/home/matheusbomfim/projects/strs_paper/samples/control/REC-53-1.bam-genotype.txt'
'/home/matheusbomfim/projects/strling/STRling/cbgm_2025/cbgm_output/REC-53-1.bam-genotype.txt' -> '/home/matheusbomfim/projects/strs_paper/samples/gp_global/REC-53-1.bam-genotype.txt'
'/home/matheusbomfim/projects/strling/STRling/cbgm_2025/cbgm_output/REC-53-1.bam-unplaced.txt' -> '/home/matheusbomfim/projects/strs_paper/samples/gp_global/REC-53-1.bam-unplaced.txt'
'/home/matheusbomfim/projects/strling/STRling/cbgm_2025/cbgm_output/REC-54-1.bam-genotype.txt' -> '/home/matheusbomfim/projects/strs_paper/samples/case/REC-54-1.bam-genotype.txt'
'/home/matheusbomfim/projects/strling/STRling/cbgm_2025/cbgm_output/REC-54-1.bam-genotype.txt' -> '/home/matheusbomfim/projects/strs_paper/samples/gp_global/REC-54-1.bam-genotype.txt'
'/home/matheusbomfim/projects/strling/STRling/cbgm_2025/cbgm_output/REC-54-1.bam-unplaced.txt' -> '/home/matheusbomfim/projects/strs_paper/samples/gp_global/REC-54-1.bam-unplaced.txt'
'/home/matheusbomfim/projects/strling/STRling/cbgm_2025/cbgm_output/REC-6-1.bam-genotype.txt' -> '/home/matheusbomfim/projects/strs_paper/samples/control/REC-6-1.bam-genotype.txt'
'/home/matheusbomfim/projects/strling/STRling/cbgm_2025/cbgm_output/REC-6-1.bam-genotype.txt' -> '/home/matheusbomfim/projects/strs_paper/samples/gp_global/REC-6-1.bam-genotype.txt'
'/home/matheusbomfim/projects/strling/STRling/cbgm_2025/cbgm_output/REC-6-1.bam-unplaced.txt' -> '/home/matheusbomfim/projects/strs_paper/samples/gp_global/REC-6-1.bam-unplaced.txt'
'/home/matheusbomfim/projects/strling/STRling/cbgm_2025/cbgm_output/REC-63-1.bam-genotype.txt' -> '/home/matheusbomfim/projects/strs_paper/samples/control/REC-63-1.bam-genotype.txt'
'/home/matheusbomfim/projects/strling/STRling/cbgm_2025/cbgm_output/REC-63-1.bam-genotype.txt' -> '/home/matheusbomfim/projects/strs_paper/samples/gp_global/REC-63-1.bam-genotype.txt'
'/home/matheusbomfim/projects/strling/STRling/cbgm_2025/cbgm_output/REC-63-1.bam-unplaced.txt' -> '/home/matheusbomfim/projects/strs_paper/samples/gp_global/REC-63-1.bam-unplaced.txt'
'/home/matheusbomfim/projects/strling/STRling/cbgm_2025/cbgm_output/REC-65-1.bam-genotype.txt' -> '/home/matheusbomfim/projects/strs_paper/samples/control/REC-65-1.bam-genotype.txt'
'/home/matheusbomfim/projects/strling/STRling/cbgm_2025/cbgm_output/REC-65-1.bam-genotype.txt' -> '/home/matheusbomfim/projects/strs_paper/samples/gp_global/REC-65-1.bam-genotype.txt'
'/home/matheusbomfim/projects/strling/STRling/cbgm_2025/cbgm_output/REC-65-1.bam-unplaced.txt' -> '/home/matheusbomfim/projects/strs_paper/samples/gp_global/REC-65-1.bam-unplaced.txt'
'/home/matheusbomfim/projects/strling/STRling/cbgm_2025/cbgm_output/REC-68-1.bam-genotype.txt' -> '/home/matheusbomfim/projects/strs_paper/samples/control/REC-68-1.bam-genotype.txt'
'/home/matheusbomfim/projects/strling/STRling/cbgm_2025/cbgm_output/REC-68-1.bam-genotype.txt' -> '/home/matheusbomfim/projects/strs_paper/samples/gp_global/REC-68-1.bam-genotype.txt'
'/home/matheusbomfim/projects/strling/STRling/cbgm_2025/cbgm_output/REC-68-1.bam-unplaced.txt' -> '/home/matheusbomfim/projects/strs_paper/samples/gp_global/REC-68-1.bam-unplaced.txt'
'/home/matheusbomfim/projects/strling/STRling/cbgm_2025/cbgm_output/REC-7-1.bam-genotype.txt' -> '/home/matheusbomfim/projects/strs_paper/samples/control/REC-7-1.bam-genotype.txt'
'/home/matheusbomfim/projects/strling/STRling/cbgm_2025/cbgm_output/REC-7-1.bam-genotype.txt' -> '/home/matheusbomfim/projects/strs_paper/samples/gp_global/REC-7-1.bam-genotype.txt'
'/home/matheusbomfim/projects/strling/STRling/cbgm_2025/cbgm_output/REC-7-1.bam-unplaced.txt' -> '/home/matheusbomfim/projects/strs_paper/samples/gp_global/REC-7-1.bam-unplaced.txt'
'/home/matheusbomfim/projects/strling/STRling/cbgm_2025/cbgm_output/REC-73-1.bam-genotype.txt' -> '/home/matheusbomfim/projects/strs_paper/samples/control/REC-73-1.bam-genotype.txt'
'/home/matheusbomfim/projects/strling/STRling/cbgm_2025/cbgm_output/REC-73-1.bam-genotype.txt' -> '/home/matheusbomfim/projects/strs_paper/samples/gp_global/REC-73-1.bam-genotype.txt'
'/home/matheusbomfim/projects/strling/STRling/cbgm_2025/cbgm_output/REC-73-1.bam-unplaced.txt' -> '/home/matheusbomfim/projects/strs_paper/samples/gp_global/REC-73-1.bam-unplaced.txt'
'/home/matheusbomfim/projects/strling/STRling/cbgm_2025/cbgm_output/REC-75-1.bam-genotype.txt' -> '/home/matheusbomfim/projects/strs_paper/samples/control/REC-75-1.bam-genotype.txt'
'/home/matheusbomfim/projects/strling/STRling/cbgm_2025/cbgm_output/REC-75-1.bam-genotype.txt' -> '/home/matheusbomfim/projects/strs_paper/samples/gp_global/REC-75-1.bam-genotype.txt'
'/home/matheusbomfim/projects/strling/STRling/cbgm_2025/cbgm_output/REC-75-1.bam-unplaced.txt' -> '/home/matheusbomfim/projects/strs_paper/samples/gp_global/REC-75-1.bam-unplaced.txt'
'/home/matheusbomfim/projects/strling/STRling/cbgm_2025/cbgm_output/REC-76-1.bam-genotype.txt' -> '/home/matheusbomfim/projects/strs_paper/samples/control/REC-76-1.bam-genotype.txt'
'/home/matheusbomfim/projects/strling/STRling/cbgm_2025/cbgm_output/REC-76-1.bam-genotype.txt' -> '/home/matheusbomfim/projects/strs_paper/samples/gp_global/REC-76-1.bam-genotype.txt'
'/home/matheusbomfim/projects/strling/STRling/cbgm_2025/cbgm_output/REC-76-1.bam-unplaced.txt' -> '/home/matheusbomfim/projects/strs_paper/samples/gp_global/REC-76-1.bam-unplaced.txt'
'/home/matheusbomfim/projects/strling/STRling/cbgm_2025/cbgm_output/REC-77-1.bam-genotype.txt' -> '/home/matheusbomfim/projects/strs_paper/samples/control/REC-77-1.bam-genotype.txt'
'/home/matheusbomfim/projects/strling/STRling/cbgm_2025/cbgm_output/REC-77-1.bam-genotype.txt' -> '/home/matheusbomfim/projects/strs_paper/samples/gp_global/REC-77-1.bam-genotype.txt'
'/home/matheusbomfim/projects/strling/STRling/cbgm_2025/cbgm_output/REC-77-1.bam-unplaced.txt' -> '/home/matheusbomfim/projects/strs_paper/samples/gp_global/REC-77-1.bam-unplaced.txt'
'/home/matheusbomfim/projects/strling/STRling/cbgm_2025/cbgm_output/REC-78-1.bam-genotype.txt' -> '/home/matheusbomfim/projects/strs_paper/samples/control/REC-78-1.bam-genotype.txt'
'/home/matheusbomfim/projects/strling/STRling/cbgm_2025/cbgm_output/REC-78-1.bam-genotype.txt' -> '/home/matheusbomfim/projects/strs_paper/samples/gp_global/REC-78-1.bam-genotype.txt'
'/home/matheusbomfim/projects/strling/STRling/cbgm_2025/cbgm_output/REC-78-1.bam-unplaced.txt' -> '/home/matheusbomfim/projects/strs_paper/samples/gp_global/REC-78-1.bam-unplaced.txt'
'/home/matheusbomfim/projects/strling/STRling/cbgm_2025/cbgm_output/REC-8-1.bam-genotype.txt' -> '/home/matheusbomfim/projects/strs_paper/samples/control/REC-8-1.bam-genotype.txt'
'/home/matheusbomfim/projects/strling/STRling/cbgm_2025/cbgm_output/REC-8-1.bam-genotype.txt' -> '/home/matheusbomfim/projects/strs_paper/samples/gp_global/REC-8-1.bam-genotype.txt'
'/home/matheusbomfim/projects/strling/STRling/cbgm_2025/cbgm_output/REC-8-1.bam-unplaced.txt' -> '/home/matheusbomfim/projects/strs_paper/samples/gp_global/REC-8-1.bam-unplaced.txt'
'/home/matheusbomfim/projects/strling/STRling/cbgm_2025/cbgm_output/REC-83-1.bam-genotype.txt' -> '/home/matheusbomfim/projects/strs_paper/samples/control/REC-83-1.bam-genotype.txt'
'/home/matheusbomfim/projects/strling/STRling/cbgm_2025/cbgm_output/REC-83-1.bam-genotype.txt' -> '/home/matheusbomfim/projects/strs_paper/samples/gp_global/REC-83-1.bam-genotype.txt'
'/home/matheusbomfim/projects/strling/STRling/cbgm_2025/cbgm_output/REC-83-1.bam-unplaced.txt' -> '/home/matheusbomfim/projects/strs_paper/samples/gp_global/REC-83-1.bam-unplaced.txt'
'/home/matheusbomfim/projects/strling/STRling/cbgm_2025/cbgm_output/REC-84-1.bam-genotype.txt' -> '/home/matheusbomfim/projects/strs_paper/samples/control/REC-84-1.bam-genotype.txt'
'/home/matheusbomfim/projects/strling/STRling/cbgm_2025/cbgm_output/REC-84-1.bam-genotype.txt' -> '/home/matheusbomfim/projects/strs_paper/samples/gp_global/REC-84-1.bam-genotype.txt'
'/home/matheusbomfim/projects/strling/STRling/cbgm_2025/cbgm_output/REC-84-1.bam-unplaced.txt' -> '/home/matheusbomfim/projects/strs_paper/samples/gp_global/REC-84-1.bam-unplaced.txt'
'/home/matheusbomfim/projects/strling/STRling/cbgm_2025/cbgm_output/REC-85-1.bam-genotype.txt' -> '/home/matheusbomfim/projects/strs_paper/samples/control/REC-85-1.bam-genotype.txt'
'/home/matheusbomfim/projects/strling/STRling/cbgm_2025/cbgm_output/REC-85-1.bam-genotype.txt' -> '/home/matheusbomfim/projects/strs_paper/samples/gp_global/REC-85-1.bam-genotype.txt'
'/home/matheusbomfim/projects/strling/STRling/cbgm_2025/cbgm_output/REC-85-1.bam-unplaced.txt' -> '/home/matheusbomfim/projects/strs_paper/samples/gp_global/REC-85-1.bam-unplaced.txt'
'/home/matheusbomfim/projects/strling/STRling/cbgm_2025/cbgm_output/REC-86-1.bam-genotype.txt' -> '/home/matheusbomfim/projects/strs_paper/samples/control/REC-86-1.bam-genotype.txt'
'/home/matheusbomfim/projects/strling/STRling/cbgm_2025/cbgm_output/REC-86-1.bam-genotype.txt' -> '/home/matheusbomfim/projects/strs_paper/samples/gp_global/REC-86-1.bam-genotype.txt'
'/home/matheusbomfim/projects/strling/STRling/cbgm_2025/cbgm_output/REC-86-1.bam-unplaced.txt' -> '/home/matheusbomfim/projects/strs_paper/samples/gp_global/REC-86-1.bam-unplaced.txt'
'/home/matheusbomfim/projects/strling/STRling/cbgm_2025/cbgm_output/REC-88-1.bam-genotype.txt' -> '/home/matheusbomfim/projects/strs_paper/samples/control/REC-88-1.bam-genotype.txt'
'/home/matheusbomfim/projects/strling/STRling/cbgm_2025/cbgm_output/REC-88-1.bam-genotype.txt' -> '/home/matheusbomfim/projects/strs_paper/samples/gp_global/REC-88-1.bam-genotype.txt'
'/home/matheusbomfim/projects/strling/STRling/cbgm_2025/cbgm_output/REC-88-1.bam-unplaced.txt' -> '/home/matheusbomfim/projects/strs_paper/samples/gp_global/REC-88-1.bam-unplaced.txt'
'/home/matheusbomfim/projects/strling/STRling/cbgm_2025/cbgm_output/REC-89-1.bam-genotype.txt' -> '/home/matheusbomfim/projects/strs_paper/samples/control/REC-89-1.bam-genotype.txt'
'/home/matheusbomfim/projects/strling/STRling/cbgm_2025/cbgm_output/REC-89-1.bam-genotype.txt' -> '/home/matheusbomfim/projects/strs_paper/samples/gp_global/REC-89-1.bam-genotype.txt'
'/home/matheusbomfim/projects/strling/STRling/cbgm_2025/cbgm_output/REC-89-1.bam-unplaced.txt' -> '/home/matheusbomfim/projects/strs_paper/samples/gp_global/REC-89-1.bam-unplaced.txt'
'/home/matheusbomfim/projects/strling/STRling/cbgm_2025/cbgm_output/REC-90-1.bam-genotype.txt' -> '/home/matheusbomfim/projects/strs_paper/samples/control/REC-90-1.bam-genotype.txt'
'/home/matheusbomfim/projects/strling/STRling/cbgm_2025/cbgm_output/REC-90-1.bam-genotype.txt' -> '/home/matheusbomfim/projects/strs_paper/samples/gp_global/REC-90-1.bam-genotype.txt'
'/home/matheusbomfim/projects/strling/STRling/cbgm_2025/cbgm_output/REC-90-1.bam-unplaced.txt' -> '/home/matheusbomfim/projects/strs_paper/samples/gp_global/REC-90-1.bam-unplaced.txt'
'/home/matheusbomfim/projects/strling/STRling/cbgm_2025/cbgm_output/REC-91-1.bam-genotype.txt' -> '/home/matheusbomfim/projects/strs_paper/samples/control/REC-91-1.bam-genotype.txt'
'/home/matheusbomfim/projects/strling/STRling/cbgm_2025/cbgm_output/REC-91-1.bam-genotype.txt' -> '/home/matheusbomfim/projects/strs_paper/samples/gp_global/REC-91-1.bam-genotype.txt'
'/home/matheusbomfim/projects/strling/STRling/cbgm_2025/cbgm_output/REC-91-1.bam-unplaced.txt' -> '/home/matheusbomfim/projects/strs_paper/samples/gp_global/REC-91-1.bam-unplaced.txt'
'/home/matheusbomfim/projects/strling/STRling/cbgm_2025/cbgm_output/REC-92-1.bam-genotype.txt' -> '/home/matheusbomfim/projects/strs_paper/samples/control/REC-92-1.bam-genotype.txt'
'/home/matheusbomfim/projects/strling/STRling/cbgm_2025/cbgm_output/REC-92-1.bam-genotype.txt' -> '/home/matheusbomfim/projects/strs_paper/samples/gp_global/REC-92-1.bam-genotype.txt'
'/home/matheusbomfim/projects/strling/STRling/cbgm_2025/cbgm_output/REC-92-1.bam-unplaced.txt' -> '/home/matheusbomfim/projects/strs_paper/samples/gp_global/REC-92-1.bam-unplaced.txt'
'/home/matheusbomfim/projects/strling/STRling/cbgm_2025/cbgm_output/REC-93-1.bam-genotype.txt' -> '/home/matheusbomfim/projects/strs_paper/samples/control/REC-93-1.bam-genotype.txt'
'/home/matheusbomfim/projects/strling/STRling/cbgm_2025/cbgm_output/REC-93-1.bam-genotype.txt' -> '/home/matheusbomfim/projects/strs_paper/samples/gp_global/REC-93-1.bam-genotype.txt'
'/home/matheusbomfim/projects/strling/STRling/cbgm_2025/cbgm_output/REC-93-1.bam-unplaced.txt' -> '/home/matheusbomfim/projects/strs_paper/samples/gp_global/REC-93-1.bam-unplaced.txt'
'/home/matheusbomfim/projects/strling/STRling/cbgm_2025/cbgm_output/REC-94-1.bam-genotype.txt' -> '/home/matheusbomfim/projects/strs_paper/samples/control/REC-94-1.bam-genotype.txt'
'/home/matheusbomfim/projects/strling/STRling/cbgm_2025/cbgm_output/REC-94-1.bam-genotype.txt' -> '/home/matheusbomfim/projects/strs_paper/samples/gp_global/REC-94-1.bam-genotype.txt'
'/home/matheusbomfim/projects/strling/STRling/cbgm_2025/cbgm_output/REC-94-1.bam-unplaced.txt' -> '/home/matheusbomfim/projects/strs_paper/samples/gp_global/REC-94-1.bam-unplaced.txt'
'/home/matheusbomfim/projects/strling/STRling/cbgm_2025/cbgm_output/REC-95-1.bam-genotype.txt' -> '/home/matheusbomfim/projects/strs_paper/samples/case/REC-95-1.bam-genotype.txt'
'/home/matheusbomfim/projects/strling/STRling/cbgm_2025/cbgm_output/REC-95-1.bam-genotype.txt' -> '/home/matheusbomfim/projects/strs_paper/samples/gp_global/REC-95-1.bam-genotype.txt'
'/home/matheusbomfim/projects/strling/STRling/cbgm_2025/cbgm_output/REC-95-1.bam-unplaced.txt' -> '/home/matheusbomfim/projects/strs_paper/samples/gp_global/REC-95-1.bam-unplaced.txt'
'/home/matheusbomfim/projects/strling/STRling/cbgm_2025/cbgm_output/REC-96-1.bam-genotype.txt' -> '/home/matheusbomfim/projects/strs_paper/samples/control/REC-96-1.bam-genotype.txt'
'/home/matheusbomfim/projects/strling/STRling/cbgm_2025/cbgm_output/REC-96-1.bam-genotype.txt' -> '/home/matheusbomfim/projects/strs_paper/samples/gp_global/REC-96-1.bam-genotype.txt'
'/home/matheusbomfim/projects/strling/STRling/cbgm_2025/cbgm_output/REC-96-1.bam-unplaced.txt' -> '/home/matheusbomfim/projects/strs_paper/samples/gp_global/REC-96-1.bam-unplaced.txt'
'/home/matheusbomfim/projects/strling/STRling/cbgm_2025/cbgm_output/REC-97-1.bam-genotype.txt' -> '/home/matheusbomfim/projects/strs_paper/samples/case/REC-97-1.bam-genotype.txt'
'/home/matheusbomfim/projects/strling/STRling/cbgm_2025/cbgm_output/REC-97-1.bam-genotype.txt' -> '/home/matheusbomfim/projects/strs_paper/samples/gp_global/REC-97-1.bam-genotype.txt'
'/home/matheusbomfim/projects/strling/STRling/cbgm_2025/cbgm_output/REC-97-1.bam-unplaced.txt' -> '/home/matheusbomfim/projects/strs_paper/samples/gp_global/REC-97-1.bam-unplaced.txt'
'/home/matheusbomfim/projects/strling/STRling/cbgm_2025/cbgm_output/REC-98-1.bam-genotype.txt' -> '/home/matheusbomfim/projects/strs_paper/samples/control/REC-98-1.bam-genotype.txt'
'/home/matheusbomfim/projects/strling/STRling/cbgm_2025/cbgm_output/REC-98-1.bam-genotype.txt' -> '/home/matheusbomfim/projects/strs_paper/samples/gp_global/REC-98-1.bam-genotype.txt'
'/home/matheusbomfim/projects/strling/STRling/cbgm_2025/cbgm_output/REC-98-1.bam-unplaced.txt' -> '/home/matheusbomfim/projects/strs_paper/samples/gp_global/REC-98-1.bam-unplaced.txt'
'/home/matheusbomfim/projects/strling/STRling/cbgm_2025/cbgm_output/REC-99-1.bam-genotype.txt' -> '/home/matheusbomfim/projects/strs_paper/samples/case/REC-99-1.bam-genotype.txt'
'/home/matheusbomfim/projects/strling/STRling/cbgm_2025/cbgm_output/REC-99-1.bam-genotype.txt' -> '/home/matheusbomfim/projects/strs_paper/samples/gp_global/REC-99-1.bam-genotype.txt'
'/home/matheusbomfim/projects/strling/STRling/cbgm_2025/cbgm_output/REC-99-1.bam-unplaced.txt' -> '/home/matheusbomfim/projects/strs_paper/samples/gp_global/REC-99-1.bam-unplaced.txt'
File REC-C01-1.bam-genotype.txt does not belong to any group
File REC-C02-1.bam-genotype.txt does not belong to any group
'/home/matheusbomfim/projects/strling/STRling/cbgm_2025/cbgm_output/SSA-2001-1.bam-genotype.txt' -> '/home/matheusbomfim/projects/strs_paper/samples/control/SSA-2001-1.bam-genotype.txt'
'/home/matheusbomfim/projects/strling/STRling/cbgm_2025/cbgm_output/SSA-2001-1.bam-genotype.txt' -> '/home/matheusbomfim/projects/strs_paper/samples/gp_global/SSA-2001-1.bam-genotype.txt'
'/home/matheusbomfim/projects/strling/STRling/cbgm_2025/cbgm_output/SSA-2001-1.bam-unplaced.txt' -> '/home/matheusbomfim/projects/strs_paper/samples/gp_global/SSA-2001-1.bam-unplaced.txt'
'/home/matheusbomfim/projects/strling/STRling/cbgm_2025/cbgm_output/SSA-2017-1.bam-genotype.txt' -> '/home/matheusbomfim/projects/strs_paper/samples/control/SSA-2017-1.bam-genotype.txt'
'/home/matheusbomfim/projects/strling/STRling/cbgm_2025/cbgm_output/SSA-2017-1.bam-genotype.txt' -> '/home/matheusbomfim/projects/strs_paper/samples/gp_global/SSA-2017-1.bam-genotype.txt'
'/home/matheusbomfim/projects/strling/STRling/cbgm_2025/cbgm_output/SSA-2017-1.bam-unplaced.txt' -> '/home/matheusbomfim/projects/strs_paper/samples/gp_global/SSA-2017-1.bam-unplaced.txt'
'/home/matheusbomfim/projects/strling/STRling/cbgm_2025/cbgm_output/SSA-2029-1.bam-genotype.txt' -> '/home/matheusbomfim/projects/strs_paper/samples/control/SSA-2029-1.bam-genotype.txt'
'/home/matheusbomfim/projects/strling/STRling/cbgm_2025/cbgm_output/SSA-2029-1.bam-genotype.txt' -> '/home/matheusbomfim/projects/strs_paper/samples/gp_global/SSA-2029-1.bam-genotype.txt'
'/home/matheusbomfim/projects/strling/STRling/cbgm_2025/cbgm_output/SSA-2029-1.bam-unplaced.txt' -> '/home/matheusbomfim/projects/strs_paper/samples/gp_global/SSA-2029-1.bam-unplaced.txt'
'/home/matheusbomfim/projects/strling/STRling/cbgm_2025/cbgm_output/SSA-2030-1.bam-genotype.txt' -> '/home/matheusbomfim/projects/strs_paper/samples/control/SSA-2030-1.bam-genotype.txt'
'/home/matheusbomfim/projects/strling/STRling/cbgm_2025/cbgm_output/SSA-2030-1.bam-genotype.txt' -> '/home/matheusbomfim/projects/strs_paper/samples/gp_global/SSA-2030-1.bam-genotype.txt'
'/home/matheusbomfim/projects/strling/STRling/cbgm_2025/cbgm_output/SSA-2030-1.bam-unplaced.txt' -> '/home/matheusbomfim/projects/strs_paper/samples/gp_global/SSA-2030-1.bam-unplaced.txt'
'/home/matheusbomfim/projects/strling/STRling/cbgm_2025/cbgm_output/SSA-2031-1.bam-genotype.txt' -> '/home/matheusbomfim/projects/strs_paper/samples/control/SSA-2031-1.bam-genotype.txt'
'/home/matheusbomfim/projects/strling/STRling/cbgm_2025/cbgm_output/SSA-2031-1.bam-genotype.txt' -> '/home/matheusbomfim/projects/strs_paper/samples/gp_global/SSA-2031-1.bam-genotype.txt'
'/home/matheusbomfim/projects/strling/STRling/cbgm_2025/cbgm_output/SSA-2031-1.bam-unplaced.txt' -> '/home/matheusbomfim/projects/strs_paper/samples/gp_global/SSA-2031-1.bam-unplaced.txt'
'/home/matheusbomfim/projects/strling/STRling/cbgm_2025/cbgm_output/SSA-2033-1.bam-genotype.txt' -> '/home/matheusbomfim/projects/strs_paper/samples/control/SSA-2033-1.bam-genotype.txt'
'/home/matheusbomfim/projects/strling/STRling/cbgm_2025/cbgm_output/SSA-2033-1.bam-genotype.txt' -> '/home/matheusbomfim/projects/strs_paper/samples/gp_global/SSA-2033-1.bam-genotype.txt'
'/home/matheusbomfim/projects/strling/STRling/cbgm_2025/cbgm_output/SSA-2033-1.bam-unplaced.txt' -> '/home/matheusbomfim/projects/strs_paper/samples/gp_global/SSA-2033-1.bam-unplaced.txt'
'/home/matheusbomfim/projects/strling/STRling/cbgm_2025/cbgm_output/SSA-2038-1.bam-genotype.txt' -> '/home/matheusbomfim/projects/strs_paper/samples/control/SSA-2038-1.bam-genotype.txt'
'/home/matheusbomfim/projects/strling/STRling/cbgm_2025/cbgm_output/SSA-2038-1.bam-genotype.txt' -> '/home/matheusbomfim/projects/strs_paper/samples/gp_global/SSA-2038-1.bam-genotype.txt'
'/home/matheusbomfim/projects/strling/STRling/cbgm_2025/cbgm_output/SSA-2038-1.bam-unplaced.txt' -> '/home/matheusbomfim/projects/strs_paper/samples/gp_global/SSA-2038-1.bam-unplaced.txt'
'/home/matheusbomfim/projects/strling/STRling/cbgm_2025/cbgm_output/SSA-2044-1.bam-genotype.txt' -> '/home/matheusbomfim/projects/strs_paper/samples/control/SSA-2044-1.bam-genotype.txt'
'/home/matheusbomfim/projects/strling/STRling/cbgm_2025/cbgm_output/SSA-2044-1.bam-genotype.txt' -> '/home/matheusbomfim/projects/strs_paper/samples/gp_global/SSA-2044-1.bam-genotype.txt'
'/home/matheusbomfim/projects/strling/STRling/cbgm_2025/cbgm_output/SSA-2044-1.bam-unplaced.txt' -> '/home/matheusbomfim/projects/strs_paper/samples/gp_global/SSA-2044-1.bam-unplaced.txt'
'/home/matheusbomfim/projects/strling/STRling/cbgm_2025/cbgm_output/SSA-2054-1.bam-genotype.txt' -> '/home/matheusbomfim/projects/strs_paper/samples/control/SSA-2054-1.bam-genotype.txt'
'/home/matheusbomfim/projects/strling/STRling/cbgm_2025/cbgm_output/SSA-2054-1.bam-genotype.txt' -> '/home/matheusbomfim/projects/strs_paper/samples/gp_global/SSA-2054-1.bam-genotype.txt'
'/home/matheusbomfim/projects/strling/STRling/cbgm_2025/cbgm_output/SSA-2054-1.bam-unplaced.txt' -> '/home/matheusbomfim/projects/strs_paper/samples/gp_global/SSA-2054-1.bam-unplaced.txt'
'/home/matheusbomfim/projects/strling/STRling/cbgm_2025/cbgm_output/SSA-2056-1.bam-genotype.txt' -> '/home/matheusbomfim/projects/strs_paper/samples/control/SSA-2056-1.bam-genotype.txt'
'/home/matheusbomfim/projects/strling/STRling/cbgm_2025/cbgm_output/SSA-2056-1.bam-genotype.txt' -> '/home/matheusbomfim/projects/strs_paper/samples/gp_global/SSA-2056-1.bam-genotype.txt'
'/home/matheusbomfim/projects/strling/STRling/cbgm_2025/cbgm_output/SSA-2056-1.bam-unplaced.txt' -> '/home/matheusbomfim/projects/strs_paper/samples/gp_global/SSA-2056-1.bam-unplaced.txt'
'/home/matheusbomfim/projects/strling/STRling/cbgm_2025/cbgm_output/SSA-2066-1.bam-genotype.txt' -> '/home/matheusbomfim/projects/strs_paper/samples/control/SSA-2066-1.bam-genotype.txt'
'/home/matheusbomfim/projects/strling/STRling/cbgm_2025/cbgm_output/SSA-2066-1.bam-genotype.txt' -> '/home/matheusbomfim/projects/strs_paper/samples/gp_global/SSA-2066-1.bam-genotype.txt'
'/home/matheusbomfim/projects/strling/STRling/cbgm_2025/cbgm_output/SSA-2066-1.bam-unplaced.txt' -> '/home/matheusbomfim/projects/strs_paper/samples/gp_global/SSA-2066-1.bam-unplaced.txt'
'/home/matheusbomfim/projects/strling/STRling/cbgm_2025/cbgm_output/SSA-2074-1.bam-genotype.txt' -> '/home/matheusbomfim/projects/strs_paper/samples/control/SSA-2074-1.bam-genotype.txt'
'/home/matheusbomfim/projects/strling/STRling/cbgm_2025/cbgm_output/SSA-2074-1.bam-genotype.txt' -> '/home/matheusbomfim/projects/strs_paper/samples/gp_global/SSA-2074-1.bam-genotype.txt'
'/home/matheusbomfim/projects/strling/STRling/cbgm_2025/cbgm_output/SSA-2074-1.bam-unplaced.txt' -> '/home/matheusbomfim/projects/strs_paper/samples/gp_global/SSA-2074-1.bam-unplaced.txt'
'/home/matheusbomfim/projects/strling/STRling/cbgm_2025/cbgm_output/SSA-2097-1.bam-genotype.txt' -> '/home/matheusbomfim/projects/strs_paper/samples/control/SSA-2097-1.bam-genotype.txt'
'/home/matheusbomfim/projects/strling/STRling/cbgm_2025/cbgm_output/SSA-2097-1.bam-genotype.txt' -> '/home/matheusbomfim/projects/strs_paper/samples/gp_global/SSA-2097-1.bam-genotype.txt'
'/home/matheusbomfim/projects/strling/STRling/cbgm_2025/cbgm_output/SSA-2097-1.bam-unplaced.txt' -> '/home/matheusbomfim/projects/strs_paper/samples/gp_global/SSA-2097-1.bam-unplaced.txt'
'/home/matheusbomfim/projects/strling/STRling/cbgm_2025/cbgm_output/SSA-2120-1.bam-genotype.txt' -> '/home/matheusbomfim/projects/strs_paper/samples/control/SSA-2120-1.bam-genotype.txt'
'/home/matheusbomfim/projects/strling/STRling/cbgm_2025/cbgm_output/SSA-2120-1.bam-genotype.txt' -> '/home/matheusbomfim/projects/strs_paper/samples/gp_global/SSA-2120-1.bam-genotype.txt'
'/home/matheusbomfim/projects/strling/STRling/cbgm_2025/cbgm_output/SSA-2120-1.bam-unplaced.txt' -> '/home/matheusbomfim/projects/strs_paper/samples/gp_global/SSA-2120-1.bam-unplaced.txt'
'/home/matheusbomfim/projects/strling/STRling/cbgm_2025/cbgm_output/SSA-2178-1.bam-genotype.txt' -> '/home/matheusbomfim/projects/strs_paper/samples/control/SSA-2178-1.bam-genotype.txt'
'/home/matheusbomfim/projects/strling/STRling/cbgm_2025/cbgm_output/SSA-2178-1.bam-genotype.txt' -> '/home/matheusbomfim/projects/strs_paper/samples/gp_global/SSA-2178-1.bam-genotype.txt'
'/home/matheusbomfim/projects/strling/STRling/cbgm_2025/cbgm_output/SSA-2178-1.bam-unplaced.txt' -> '/home/matheusbomfim/projects/strs_paper/samples/gp_global/SSA-2178-1.bam-unplaced.txt'
'/home/matheusbomfim/projects/strling/STRling/cbgm_2025/cbgm_output/SSA-2208-1.bam-genotype.txt' -> '/home/matheusbomfim/projects/strs_paper/samples/control/SSA-2208-1.bam-genotype.txt'
'/home/matheusbomfim/projects/strling/STRling/cbgm_2025/cbgm_output/SSA-2208-1.bam-genotype.txt' -> '/home/matheusbomfim/projects/strs_paper/samples/gp_global/SSA-2208-1.bam-genotype.txt'
'/home/matheusbomfim/projects/strling/STRling/cbgm_2025/cbgm_output/SSA-2208-1.bam-unplaced.txt' -> '/home/matheusbomfim/projects/strs_paper/samples/gp_global/SSA-2208-1.bam-unplaced.txt'
'/home/matheusbomfim/projects/strling/STRling/cbgm_2025/cbgm_output/SSA-2216-1.bam-genotype.txt' -> '/home/matheusbomfim/projects/strs_paper/samples/control/SSA-2216-1.bam-genotype.txt'
'/home/matheusbomfim/projects/strling/STRling/cbgm_2025/cbgm_output/SSA-2216-1.bam-genotype.txt' -> '/home/matheusbomfim/projects/strs_paper/samples/gp_global/SSA-2216-1.bam-genotype.txt'
'/home/matheusbomfim/projects/strling/STRling/cbgm_2025/cbgm_output/SSA-2216-1.bam-unplaced.txt' -> '/home/matheusbomfim/projects/strs_paper/samples/gp_global/SSA-2216-1.bam-unplaced.txt'
'/home/matheusbomfim/projects/strling/STRling/cbgm_2025/cbgm_output/SSA-945-1.bam-genotype.txt' -> '/home/matheusbomfim/projects/strs_paper/samples/control/SSA-945-1.bam-genotype.txt'
'/home/matheusbomfim/projects/strling/STRling/cbgm_2025/cbgm_output/SSA-945-1.bam-genotype.txt' -> '/home/matheusbomfim/projects/strs_paper/samples/gp_global/SSA-945-1.bam-genotype.txt'
'/home/matheusbomfim/projects/strling/STRling/cbgm_2025/cbgm_output/SSA-945-1.bam-unplaced.txt' -> '/home/matheusbomfim/projects/strs_paper/samples/gp_global/SSA-945-1.bam-unplaced.txt'
File UFPE-41-1.bam-genotype.txt does not belong to any group
File UFPE-49-1.bam-genotype.txt does not belong to any group
'/home/matheusbomfim/projects/strling/STRling/cbgm_2025/cbgm_output/UFPE-6-1.bam-genotype.txt' -> '/home/matheusbomfim/projects/strs_paper/samples/control/UFPE-6-1.bam-genotype.txt'
'/home/matheusbomfim/projects/strling/STRling/cbgm_2025/cbgm_output/UFPE-6-1.bam-genotype.txt' -> '/home/matheusbomfim/projects/strs_paper/samples/gp_global/UFPE-6-1.bam-genotype.txt'
'/home/matheusbomfim/projects/strling/STRling/cbgm_2025/cbgm_output/UFPE-6-1.bam-unplaced.txt' -> '/home/matheusbomfim/projects/strs_paper/samples/gp_global/UFPE-6-1.bam-unplaced.txt'

===== Summary =====
Samples copied to 'case': 32
Samples copied to 'control': 136
Samples copied to gp_global: 168
Samples NOT included: 42

Checking copied files:
Case: 32
Control: 136
Global: 336
Execução finalizada
